<?xml version="1.0" encoding="UTF-8"?>
<coverage generated="1736589540057" clover="3.2.0">
  <project timestamp="1736589540058" name="All files">
    <metrics statements="376" coveredstatements="375" conditionals="74" coveredconditionals="74" methods="103" coveredmethods="102" elements="553" coveredelements="551" complexity="0" loc="376" ncloc="376" packages="4" files="13" classes="13"/>
    <package name="model">
      <metrics statements="201" coveredstatements="200" conditionals="30" coveredconditionals="30" methods="60" coveredmethods="59"/>
      <file name="Deck.ts" path="C:\Users\Witten\Documents\ShittyOldMan\Shitty-Old-Man---Game-logic\src\model\Deck.ts">
        <metrics statements="20" coveredstatements="20" conditionals="2" coveredconditionals="2" methods="5" coveredmethods="5"/>
        <line num="1" count="4" type="stmt"/>
        <line num="2" count="4" type="stmt"/>
        <line num="3" count="4" type="stmt"/>
        <line num="10" count="42" type="stmt"/>
        <line num="13" count="42" type="stmt"/>
        <line num="15" count="42" type="stmt"/>
        <line num="19" count="42" type="stmt"/>
        <line num="20" count="168" type="stmt"/>
        <line num="21" count="2184" type="stmt"/>
        <line num="22" count="2184" type="stmt"/>
        <line num="24" count="2184" type="stmt"/>
        <line num="35" count="595" type="cond" truecount="2" falsecount="0"/>
        <line num="36" count="1" type="stmt"/>
        <line num="38" count="594" type="stmt"/>
        <line num="48" count="669" type="stmt"/>
        <line num="55" count="22" type="stmt"/>
        <line num="56" count="1071" type="stmt"/>
        <line num="57" count="1071" type="stmt"/>
        <line num="70" count="260" type="stmt"/>
        <line num="74" count="4" type="stmt"/>
      </file>
      <file name="Game.ts" path="C:\Users\Witten\Documents\ShittyOldMan\Shitty-Old-Man---Game-logic\src\model\Game.ts">
        <metrics statements="79" coveredstatements="78" conditionals="8" coveredconditionals="8" methods="21" coveredmethods="20"/>
        <line num="1" count="1" type="stmt"/>
        <line num="2" count="1" type="stmt"/>
        <line num="3" count="1" type="stmt"/>
        <line num="5" count="1" type="stmt"/>
        <line num="8" count="14" type="stmt"/>
        <line num="9" count="14" type="stmt"/>
        <line num="10" count="14" type="stmt"/>
        <line num="11" count="14" type="stmt"/>
        <line num="12" count="14" type="stmt"/>
        <line num="13" count="14" type="stmt"/>
        <line num="16" count="14" type="stmt"/>
        <line num="17" count="14" type="stmt"/>
        <line num="18" count="14" type="stmt"/>
        <line num="19" count="14" type="stmt"/>
        <line num="21" count="14" type="stmt"/>
        <line num="22" count="14" type="stmt"/>
        <line num="26" count="14" type="stmt"/>
        <line num="28" count="14" type="stmt"/>
        <line num="35" count="2" type="stmt"/>
        <line num="39" count="2" type="stmt"/>
        <line num="41" count="2" type="stmt"/>
        <line num="52" count="11" type="stmt"/>
        <line num="54" count="11" type="stmt"/>
        <line num="56" count="11" type="cond" truecount="4" falsecount="0"/>
        <line num="58" count="1" type="stmt"/>
        <line num="60" count="2" type="stmt"/>
        <line num="61" count="2" type="stmt"/>
        <line num="62" count="2" type="stmt"/>
        <line num="63" count="2" type="stmt"/>
        <line num="65" count="1" type="stmt"/>
        <line num="66" count="1" type="stmt"/>
        <line num="67" count="1" type="stmt"/>
        <line num="69" count="7" type="stmt"/>
        <line num="70" count="7" type="stmt"/>
        <line num="71" count="7" type="stmt"/>
        <line num="76" count="2" type="stmt"/>
        <line num="77" count="4" type="stmt"/>
        <line num="80" count="2" type="stmt"/>
        <line num="84" count="1" type="stmt"/>
        <line num="85" count="2" type="stmt"/>
        <line num="88" count="1" type="stmt"/>
        <line num="92" count="10" type="stmt"/>
        <line num="93" count="10" type="stmt"/>
        <line num="94" count="10" type="stmt"/>
        <line num="96" count="10" type="cond" truecount="1" falsecount="0"/>
        <line num="97" count="10" type="cond" truecount="1" falsecount="0"/>
        <line num="98" count="10" type="stmt"/>
        <line num="99" count="10" type="stmt"/>
        <line num="100" count="10" type="stmt"/>
        <line num="107" count="10" type="stmt"/>
        <line num="108" count="10" type="stmt"/>
        <line num="112" count="10" type="stmt"/>
        <line num="121" count="28" type="stmt"/>
        <line num="123" count="28" type="stmt"/>
        <line num="125" count="28" type="stmt"/>
        <line num="127" count="28" type="stmt"/>
        <line num="131" count="28" type="stmt"/>
        <line num="133" count="28" type="stmt"/>
        <line num="142" count="5" type="stmt"/>
        <line num="151" count="2" type="stmt"/>
        <line num="161" count="1" type="stmt"/>
        <line num="177" count="11" type="stmt"/>
        <line num="179" count="11" type="stmt"/>
        <line num="183" count="11" type="cond" truecount="1" falsecount="0"/>
        <line num="184" count="1" type="stmt"/>
        <line num="195" count="1" type="stmt"/>
        <line num="197" count="1" type="stmt"/>
        <line num="207" count="2" type="cond" truecount="1" falsecount="0"/>
        <line num="208" count="1" type="stmt"/>
        <line num="211" count="1" type="stmt"/>
        <line num="213" count="1" type="stmt"/>
        <line num="224" count="1" type="stmt"/>
        <line num="226" count="1" type="stmt"/>
        <line num="227" count="1" type="stmt"/>
        <line num="228" count="1" type="stmt"/>
        <line num="229" count="1" type="stmt"/>
        <line num="231" count="1" type="stmt"/>
        <line num="235" count="0" type="stmt"/>
        <line num="239" count="1" type="stmt"/>
      </file>
      <file name="Player.ts" path="C:\Users\Witten\Documents\ShittyOldMan\Shitty-Old-Man---Game-logic\src\model\Player.ts">
        <metrics statements="77" coveredstatements="77" conditionals="17" coveredconditionals="17" methods="26" coveredmethods="26"/>
        <line num="6" count="100" type="stmt"/>
        <line num="7" count="100" type="stmt"/>
        <line num="8" count="100" type="stmt"/>
        <line num="9" count="100" type="stmt"/>
        <line num="13" count="100" type="stmt"/>
        <line num="14" count="99" type="stmt"/>
        <line num="15" count="99" type="stmt"/>
        <line num="16" count="99" type="stmt"/>
        <line num="17" count="99" type="stmt"/>
        <line num="26" count="6" type="stmt"/>
        <line num="35" count="1" type="stmt"/>
        <line num="36" count="2" type="stmt"/>
        <line num="46" count="244" type="stmt"/>
        <line num="47" count="2" type="stmt"/>
        <line num="51" count="5" type="stmt"/>
        <line num="52" count="100" type="cond" truecount="1" falsecount="0"/>
        <line num="53" count="1" type="stmt"/>
        <line num="56" count="99" type="stmt"/>
        <line num="60" count="100" type="stmt"/>
        <line num="61" count="100" type="cond" truecount="2" falsecount="0"/>
        <line num="70" count="4" type="stmt"/>
        <line num="79" count="107" type="stmt"/>
        <line num="81" count="107" type="stmt"/>
        <line num="83" count="107" type="stmt"/>
        <line num="85" count="107" type="cond" truecount="1" falsecount="0"/>
        <line num="86" count="52" type="stmt"/>
        <line num="91" count="107" type="stmt"/>
        <line num="95" count="18" type="cond" truecount="2" falsecount="0"/>
        <line num="96" count="4" type="stmt"/>
        <line num="98" count="14" type="stmt"/>
        <line num="108" count="14" type="stmt"/>
        <line num="110" count="14" type="stmt"/>
        <line num="111" count="22" type="cond" truecount="2" falsecount="0"/>
        <line num="113" count="22" type="cond" truecount="1" falsecount="0"/>
        <line num="114" count="14" type="stmt"/>
        <line num="116" count="22" type="stmt"/>
        <line num="119" count="14" type="cond" truecount="1" falsecount="0"/>
        <line num="120" count="1" type="stmt"/>
        <line num="123" count="13" type="stmt"/>
        <line num="127" count="13" type="stmt"/>
        <line num="129" count="13" type="cond" truecount="1" falsecount="0"/>
        <line num="130" count="8" type="stmt"/>
        <line num="135" count="61" type="stmt"/>
        <line num="138" count="61" type="stmt"/>
        <line num="139" count="61" type="stmt"/>
        <line num="142" count="145" type="cond" truecount="1" falsecount="0"/>
        <line num="143" count="42" type="stmt"/>
        <line num="147" count="61" type="stmt"/>
        <line num="148" count="183" type="cond" truecount="1" falsecount="0"/>
        <line num="149" count="183" type="stmt"/>
        <line num="160" count="69" type="stmt"/>
        <line num="164" count="94" type="stmt"/>
        <line num="166" count="94" type="stmt"/>
        <line num="170" count="94" type="stmt"/>
        <line num="171" count="188" type="stmt"/>
        <line num="174" count="188" type="stmt"/>
        <line num="175" count="564" type="stmt"/>
        <line num="186" count="5" type="stmt"/>
        <line num="195" count="137" type="stmt"/>
        <line num="196" count="137" type="stmt"/>
        <line num="200" count="137" type="stmt"/>
        <line num="201" count="202" type="stmt"/>
        <line num="202" count="462" type="cond" truecount="1" falsecount="0"/>
        <line num="203" count="137" type="stmt"/>
        <line num="204" count="137" type="stmt"/>
        <line num="205" count="137" type="stmt"/>
        <line num="217" count="49" type="stmt"/>
        <line num="227" count="4" type="stmt"/>
        <line num="228" count="8" type="stmt"/>
        <line num="229" count="8" type="stmt"/>
        <line num="233" count="24" type="cond" truecount="1" falsecount="0"/>
        <line num="234" count="4" type="cond" truecount="1" falsecount="0"/>
        <line num="235" count="3" type="stmt"/>
        <line num="240" count="8" type="stmt"/>
        <line num="245" count="13" type="cond" truecount="1" falsecount="0"/>
        <line num="246" count="1" type="stmt"/>
        <line num="251" count="5" type="stmt"/>
      </file>
      <file name="PlayingCard.ts" path="C:\Users\Witten\Documents\ShittyOldMan\Shitty-Old-Man---Game-logic\src\model\PlayingCard.ts">
        <metrics statements="25" coveredstatements="25" conditionals="3" coveredconditionals="3" methods="8" coveredmethods="8"/>
        <line num="1" count="7" type="stmt"/>
        <line num="4" count="7" type="stmt"/>
        <line num="11" count="2458" type="stmt"/>
        <line num="12" count="2458" type="stmt"/>
        <line num="13" count="2458" type="stmt"/>
        <line num="14" count="2458" type="stmt"/>
        <line num="17" count="2458" type="stmt"/>
        <line num="18" count="2458" type="stmt"/>
        <line num="19" count="2458" type="stmt"/>
        <line num="20" count="2458" type="stmt"/>
        <line num="23" count="7" type="stmt"/>
        <line num="24" count="2458" type="stmt"/>
        <line num="28" count="2458" type="stmt"/>
        <line num="32" count="2458" type="stmt"/>
        <line num="41" count="495" type="cond" truecount="1" falsecount="0"/>
        <line num="42" count="24" type="stmt"/>
        <line num="45" count="471" type="stmt"/>
        <line num="54" count="120" type="cond" truecount="1" falsecount="0"/>
        <line num="55" count="11" type="stmt"/>
        <line num="58" count="109" type="stmt"/>
        <line num="67" count="329" type="cond" truecount="1" falsecount="0"/>
        <line num="68" count="14" type="stmt"/>
        <line num="71" count="315" type="stmt"/>
        <line num="78" count="2706" type="stmt"/>
        <line num="82" count="7" type="stmt"/>
      </file>
    </package>
    <package name="model.enums.Rules">
      <metrics statements="5" coveredstatements="5" conditionals="2" coveredconditionals="2" methods="1" coveredmethods="1"/>
      <file name="MOVE.ts" path="C:\Users\Witten\Documents\ShittyOldMan\Shitty-Old-Man---Game-logic\src\model\enums\Rules\MOVE.ts">
        <metrics statements="5" coveredstatements="5" conditionals="2" coveredconditionals="2" methods="1" coveredmethods="1"/>
        <line num="1" count="3" type="cond" truecount="2" falsecount="0"/>
        <line num="2" count="3" type="stmt"/>
        <line num="3" count="3" type="stmt"/>
        <line num="4" count="3" type="stmt"/>
        <line num="5" count="3" type="stmt"/>
      </file>
    </package>
    <package name="model.enums.playingcard">
      <metrics statements="37" coveredstatements="37" conditionals="8" coveredconditionals="8" methods="5" coveredmethods="5"/>
      <file name="HIDDEN.ts" path="C:\Users\Witten\Documents\ShittyOldMan\Shitty-Old-Man---Game-logic\src\model\enums\playingcard\HIDDEN.ts">
        <metrics statements="2" coveredstatements="2" conditionals="2" coveredconditionals="2" methods="1" coveredmethods="1"/>
        <line num="1" count="7" type="cond" truecount="2" falsecount="0"/>
        <line num="2" count="7" type="stmt"/>
      </file>
      <file name="RANKS.ts" path="C:\Users\Witten\Documents\ShittyOldMan\Shitty-Old-Man---Game-logic\src\model\enums\playingcard\RANKS.ts">
        <metrics statements="14" coveredstatements="14" conditionals="2" coveredconditionals="2" methods="1" coveredmethods="1"/>
        <line num="1" count="8" type="cond" truecount="2" falsecount="0"/>
        <line num="2" count="8" type="stmt"/>
        <line num="3" count="8" type="stmt"/>
        <line num="4" count="8" type="stmt"/>
        <line num="5" count="8" type="stmt"/>
        <line num="6" count="8" type="stmt"/>
        <line num="7" count="8" type="stmt"/>
        <line num="8" count="8" type="stmt"/>
        <line num="9" count="8" type="stmt"/>
        <line num="10" count="8" type="stmt"/>
        <line num="11" count="8" type="stmt"/>
        <line num="12" count="8" type="stmt"/>
        <line num="13" count="8" type="stmt"/>
        <line num="14" count="8" type="stmt"/>
      </file>
      <file name="SUITS.ts" path="C:\Users\Witten\Documents\ShittyOldMan\Shitty-Old-Man---Game-logic\src\model\enums\playingcard\SUITS.ts">
        <metrics statements="5" coveredstatements="5" conditionals="2" coveredconditionals="2" methods="1" coveredmethods="1"/>
        <line num="1" count="7" type="cond" truecount="2" falsecount="0"/>
        <line num="2" count="7" type="stmt"/>
        <line num="3" count="7" type="stmt"/>
        <line num="4" count="7" type="stmt"/>
        <line num="5" count="7" type="stmt"/>
      </file>
      <file name="VALUES.ts" path="C:\Users\Witten\Documents\ShittyOldMan\Shitty-Old-Man---Game-logic\src\model\enums\playingcard\VALUES.ts">
        <metrics statements="16" coveredstatements="16" conditionals="2" coveredconditionals="2" methods="2" coveredmethods="2"/>
        <line num="1" count="7" type="cond" truecount="2" falsecount="0"/>
        <line num="2" count="7" type="stmt"/>
        <line num="3" count="7" type="stmt"/>
        <line num="4" count="7" type="stmt"/>
        <line num="5" count="7" type="stmt"/>
        <line num="6" count="7" type="stmt"/>
        <line num="7" count="7" type="stmt"/>
        <line num="8" count="7" type="stmt"/>
        <line num="9" count="7" type="stmt"/>
        <line num="10" count="7" type="stmt"/>
        <line num="11" count="7" type="stmt"/>
        <line num="12" count="7" type="stmt"/>
        <line num="13" count="7" type="stmt"/>
        <line num="14" count="7" type="stmt"/>
        <line num="17" count="7" type="stmt"/>
        <line num="18" count="2525" type="stmt"/>
      </file>
    </package>
    <package name="model.rules">
      <metrics statements="133" coveredstatements="133" conditionals="34" coveredconditionals="34" methods="37" coveredmethods="37"/>
      <file name="GameWinner.ts" path="C:\Users\Witten\Documents\ShittyOldMan\Shitty-Old-Man---Game-logic\src\model\rules\GameWinner.ts">
        <metrics statements="20" coveredstatements="20" conditionals="5" coveredconditionals="5" methods="6" coveredmethods="6"/>
        <line num="17" count="5" type="cond" truecount="1" falsecount="0"/>
        <line num="18" count="3" type="stmt"/>
        <line num="21" count="5" type="stmt"/>
        <line num="24" count="3" type="stmt"/>
        <line num="25" count="5" type="cond" truecount="3" falsecount="0"/>
        <line num="26" count="3" type="stmt"/>
        <line num="29" count="2" type="stmt"/>
        <line num="33" count="5" type="stmt"/>
        <line num="34" count="5" type="stmt"/>
        <line num="36" count="5" type="stmt"/>
        <line num="40" count="4" type="stmt"/>
        <line num="41" count="4" type="stmt"/>
        <line num="43" count="4" type="stmt"/>
        <line num="45" count="4" type="stmt"/>
        <line num="46" count="8" type="stmt"/>
        <line num="47" count="24" type="cond" truecount="1" falsecount="0"/>
        <line num="48" count="19" type="stmt"/>
        <line num="53" count="4" type="stmt"/>
        <line num="57" count="24" type="stmt"/>
        <line num="61" count="3" type="stmt"/>
      </file>
      <file name="OneLayerDeck.ts" path="C:\Users\Witten\Documents\ShittyOldMan\Shitty-Old-Man---Game-logic\src\model\rules\OneLayerDeck.ts">
        <metrics statements="20" coveredstatements="20" conditionals="0" coveredconditionals="0" methods="7" coveredmethods="7"/>
        <line num="10" count="32" type="stmt"/>
        <line num="13" count="32" type="stmt"/>
        <line num="22" count="28" type="stmt"/>
        <line num="35" count="5" type="stmt"/>
        <line num="36" count="5" type="stmt"/>
        <line num="38" count="5" type="stmt"/>
        <line num="41" count="3" type="stmt"/>
        <line num="42" count="10" type="stmt"/>
        <line num="43" count="30" type="stmt"/>
        <line num="48" count="30" type="stmt"/>
        <line num="49" count="60" type="stmt"/>
        <line num="50" count="60" type="stmt"/>
        <line num="51" count="60" type="stmt"/>
        <line num="56" count="5" type="stmt"/>
        <line num="57" count="15" type="stmt"/>
        <line num="62" count="15" type="stmt"/>
        <line num="63" count="30" type="stmt"/>
        <line num="64" count="30" type="stmt"/>
        <line num="65" count="30" type="stmt"/>
        <line num="70" count="3" type="stmt"/>
      </file>
      <file name="OrginalGameRules.ts" path="C:\Users\Witten\Documents\ShittyOldMan\Shitty-Old-Man---Game-logic\src\model\rules\OrginalGameRules.ts">
        <metrics statements="86" coveredstatements="86" conditionals="29" coveredconditionals="29" methods="21" coveredmethods="21"/>
        <line num="1" count="3" type="stmt"/>
        <line num="2" count="3" type="stmt"/>
        <line num="22" count="30" type="stmt"/>
        <line num="24" count="30" type="cond" truecount="1" falsecount="0"/>
        <line num="25" count="20" type="stmt"/>
        <line num="26" count="33" type="cond" truecount="4" falsecount="0"/>
        <line num="27" count="3" type="stmt"/>
        <line num="32" count="27" type="stmt"/>
        <line num="34" count="27" type="cond" truecount="1" falsecount="0"/>
        <line num="35" count="2" type="stmt"/>
        <line num="38" count="25" type="cond" truecount="1" falsecount="0"/>
        <line num="39" count="1" type="stmt"/>
        <line num="42" count="24" type="stmt"/>
        <line num="43" count="24" type="cond" truecount="1" falsecount="0"/>
        <line num="44" count="2" type="stmt"/>
        <line num="47" count="22" type="cond" truecount="1" falsecount="0"/>
        <line num="48" count="1" type="stmt"/>
        <line num="51" count="21" type="cond" truecount="1" falsecount="0"/>
        <line num="52" count="1" type="stmt"/>
        <line num="55" count="20" type="cond" truecount="1" falsecount="0"/>
        <line num="56" count="15" type="stmt"/>
        <line num="59" count="5" type="stmt"/>
        <line num="63" count="3" type="stmt"/>
        <line num="64" count="30" type="stmt"/>
        <line num="65" count="43" type="stmt"/>
        <line num="70" count="30" type="stmt"/>
        <line num="72" count="30" type="stmt"/>
        <line num="73" count="30" type="stmt"/>
        <line num="75" count="30" type="stmt"/>
        <line num="76" count="48" type="cond" truecount="1" falsecount="0"/>
        <line num="77" count="48" type="stmt"/>
        <line num="81" count="30" type="stmt"/>
        <line num="82" count="60" type="stmt"/>
        <line num="83" count="180" type="cond" truecount="1" falsecount="0"/>
        <line num="84" count="6" type="stmt"/>
        <line num="89" count="30" type="stmt"/>
        <line num="93" count="29" type="stmt"/>
        <line num="95" count="47" type="stmt"/>
        <line num="97" count="29" type="stmt"/>
        <line num="109" count="21" type="cond" truecount="1" falsecount="0"/>
        <line num="110" count="4" type="stmt"/>
        <line num="111" count="4" type="stmt"/>
        <line num="113" count="4" type="cond" truecount="1" falsecount="0"/>
        <line num="117" count="1" type="stmt"/>
        <line num="121" count="20" type="stmt"/>
        <line num="125" count="27" type="cond" truecount="1" falsecount="0"/>
        <line num="126" count="11" type="stmt"/>
        <line num="129" count="16" type="stmt"/>
        <line num="133" count="4" type="stmt"/>
        <line num="137" count="4" type="stmt"/>
        <line num="141" count="8" type="stmt"/>
        <line num="143" count="8" type="stmt"/>
        <line num="145" count="8" type="cond" truecount="2" falsecount="0"/>
        <line num="146" count="5" type="stmt"/>
        <line num="148" count="3" type="stmt"/>
        <line num="153" count="27" type="cond" truecount="1" falsecount="0"/>
        <line num="154" count="8" type="stmt"/>
        <line num="157" count="19" type="stmt"/>
        <line num="159" count="19" type="stmt"/>
        <line num="163" count="27" type="stmt"/>
        <line num="165" count="27" type="stmt"/>
        <line num="169" count="25" type="cond" truecount="3" falsecount="0"/>
        <line num="170" count="2" type="stmt"/>
        <line num="172" count="2" type="stmt"/>
        <line num="173" count="5" type="stmt"/>
        <line num="175" count="5" type="cond" truecount="2" falsecount="0"/>
        <line num="176" count="4" type="stmt"/>
        <line num="178" count="1" type="stmt"/>
        <line num="179" count="1" type="stmt"/>
        <line num="183" count="2" type="stmt"/>
        <line num="188" count="25" type="cond" truecount="1" falsecount="0"/>
        <line num="189" count="8" type="stmt"/>
        <line num="192" count="17" type="cond" truecount="1" falsecount="0"/>
        <line num="193" count="1" type="stmt"/>
        <line num="194" count="1" type="stmt"/>
        <line num="197" count="16" type="cond" truecount="1" falsecount="0"/>
        <line num="198" count="1" type="stmt"/>
        <line num="199" count="1" type="stmt"/>
        <line num="202" count="15" type="stmt"/>
        <line num="206" count="2" type="stmt"/>
        <line num="210" count="280" type="stmt"/>
        <line num="214" count="54" type="stmt"/>
        <line num="218" count="33" type="stmt"/>
        <line num="222" count="55" type="stmt"/>
        <line num="226" count="25" type="stmt"/>
        <line num="230" count="3" type="stmt"/>
      </file>
      <file name="RulesFactory.ts" path="C:\Users\Witten\Documents\ShittyOldMan\Shitty-Old-Man---Game-logic\src\model\rules\RulesFactory.ts">
        <metrics statements="7" coveredstatements="7" conditionals="0" coveredconditionals="0" methods="3" coveredmethods="3"/>
        <line num="1" count="2" type="stmt"/>
        <line num="5" count="2" type="stmt"/>
        <line num="6" count="2" type="stmt"/>
        <line num="15" count="31" type="stmt"/>
        <line num="24" count="12" type="stmt"/>
        <line num="33" count="2" type="stmt"/>
        <line num="37" count="2" type="stmt"/>
      </file>
    </package>
  </project>
</coverage>
