<?xml version="1.0" encoding="UTF-8"?>
<coverage generated="1736697845127" clover="3.2.0">
  <project timestamp="1736697845129" name="All files">
    <metrics statements="397" coveredstatements="392" conditionals="100" coveredconditionals="88" methods="109" coveredmethods="106" elements="606" coveredelements="586" complexity="0" loc="397" ncloc="397" packages="4" files="13" classes="13"/>
    <package name="model">
      <metrics statements="215" coveredstatements="210" conditionals="48" coveredconditionals="36" methods="65" coveredmethods="62"/>
      <file name="Deck.ts" path="C:\Users\Witten\Documents\ShittyOldMan\Shitty-Old-Man---Game-logic\src\model\Deck.ts">
        <metrics statements="20" coveredstatements="20" conditionals="2" coveredconditionals="2" methods="5" coveredmethods="5"/>
        <line num="1" count="4" type="stmt"/>
        <line num="2" count="4" type="stmt"/>
        <line num="3" count="4" type="stmt"/>
        <line num="10" count="45" type="stmt"/>
        <line num="13" count="45" type="stmt"/>
        <line num="15" count="45" type="stmt"/>
        <line num="19" count="45" type="stmt"/>
        <line num="20" count="180" type="stmt"/>
        <line num="21" count="2340" type="stmt"/>
        <line num="22" count="2340" type="stmt"/>
        <line num="24" count="2340" type="stmt"/>
        <line num="35" count="595" type="cond" truecount="2" falsecount="0"/>
        <line num="36" count="1" type="stmt"/>
        <line num="38" count="594" type="stmt"/>
        <line num="48" count="670" type="stmt"/>
        <line num="55" count="25" type="stmt"/>
        <line num="56" count="1224" type="stmt"/>
        <line num="57" count="1224" type="stmt"/>
        <line num="70" count="260" type="stmt"/>
        <line num="74" count="4" type="stmt"/>
      </file>
      <file name="Game.ts" path="C:\Users\Witten\Documents\ShittyOldMan\Shitty-Old-Man---Game-logic\src\model\Game.ts">
        <metrics statements="80" coveredstatements="79" conditionals="10" coveredconditionals="9" methods="22" coveredmethods="22"/>
        <line num="1" count="1" type="stmt"/>
        <line num="3" count="1" type="stmt"/>
        <line num="5" count="1" type="stmt"/>
        <line num="7" count="1" type="stmt"/>
        <line num="10" count="15" type="stmt"/>
        <line num="11" count="15" type="stmt"/>
        <line num="12" count="15" type="stmt"/>
        <line num="13" count="15" type="stmt"/>
        <line num="14" count="15" type="stmt"/>
        <line num="15" count="15" type="stmt"/>
        <line num="18" count="15" type="stmt"/>
        <line num="19" count="15" type="stmt"/>
        <line num="20" count="15" type="stmt"/>
        <line num="21" count="15" type="stmt"/>
        <line num="23" count="15" type="stmt"/>
        <line num="24" count="15" type="stmt"/>
        <line num="28" count="17" type="stmt"/>
        <line num="30" count="17" type="stmt"/>
        <line num="37" count="2" type="stmt"/>
        <line num="39" count="2" type="stmt"/>
        <line num="43" count="2" type="stmt"/>
        <line num="45" count="2" type="stmt"/>
        <line num="56" count="11" type="stmt"/>
        <line num="58" count="11" type="stmt"/>
        <line num="60" count="11" type="cond" truecount="4" falsecount="0"/>
        <line num="62" count="2" type="stmt"/>
        <line num="64" count="2" type="stmt"/>
        <line num="65" count="2" type="stmt"/>
        <line num="66" count="2" type="stmt"/>
        <line num="67" count="2" type="stmt"/>
        <line num="69" count="1" type="stmt"/>
        <line num="70" count="1" type="stmt"/>
        <line num="71" count="1" type="stmt"/>
        <line num="73" count="6" type="stmt"/>
        <line num="74" count="6" type="stmt"/>
        <line num="75" count="6" type="stmt"/>
        <line num="80" count="2" type="stmt"/>
        <line num="81" count="4" type="stmt"/>
        <line num="84" count="2" type="stmt"/>
        <line num="88" count="1" type="stmt"/>
        <line num="89" count="2" type="stmt"/>
        <line num="92" count="1" type="stmt"/>
        <line num="96" count="9" type="stmt"/>
        <line num="97" count="9" type="cond" truecount="1" falsecount="1"/>
        <line num="98" count="0" type="stmt"/>
        <line num="101" count="9" type="stmt"/>
        <line num="103" count="9" type="stmt"/>
        <line num="105" count="9" type="cond" truecount="1" falsecount="0"/>
        <line num="106" count="9" type="cond" truecount="1" falsecount="0"/>
        <line num="107" count="9" type="stmt"/>
        <line num="108" count="9" type="stmt"/>
        <line num="117" count="9" type="stmt"/>
        <line num="118" count="9" type="stmt"/>
        <line num="122" count="9" type="stmt"/>
        <line num="131" count="30" type="stmt"/>
        <line num="133" count="30" type="stmt"/>
        <line num="135" count="30" type="stmt"/>
        <line num="137" count="30" type="stmt"/>
        <line num="141" count="30" type="stmt"/>
        <line num="143" count="30" type="stmt"/>
        <line num="152" count="5" type="stmt"/>
        <line num="161" count="2" type="stmt"/>
        <line num="171" count="1" type="stmt"/>
        <line num="187" count="12" type="stmt"/>
        <line num="189" count="12" type="stmt"/>
        <line num="193" count="12" type="cond" truecount="1" falsecount="0"/>
        <line num="194" count="1" type="stmt"/>
        <line num="205" count="1" type="stmt"/>
        <line num="207" count="1" type="stmt"/>
        <line num="217" count="2" type="cond" truecount="1" falsecount="0"/>
        <line num="218" count="1" type="stmt"/>
        <line num="221" count="1" type="stmt"/>
        <line num="223" count="1" type="stmt"/>
        <line num="233" count="2" type="stmt"/>
        <line num="234" count="2" type="stmt"/>
        <line num="235" count="2" type="stmt"/>
        <line num="237" count="2" type="stmt"/>
        <line num="241" count="2" type="stmt"/>
        <line num="245" count="2" type="stmt"/>
        <line num="249" count="1" type="stmt"/>
      </file>
      <file name="Player.ts" path="C:\Users\Witten\Documents\ShittyOldMan\Shitty-Old-Man---Game-logic\src\model\Player.ts">
        <metrics statements="90" coveredstatements="86" conditionals="33" coveredconditionals="22" methods="30" coveredmethods="27"/>
        <line num="6" count="102" type="stmt"/>
        <line num="7" count="102" type="stmt"/>
        <line num="8" count="102" type="stmt"/>
        <line num="9" count="102" type="stmt"/>
        <line num="13" count="102" type="stmt"/>
        <line num="14" count="101" type="stmt"/>
        <line num="15" count="101" type="stmt"/>
        <line num="16" count="101" type="stmt"/>
        <line num="17" count="101" type="stmt"/>
        <line num="26" count="6" type="stmt"/>
        <line num="35" count="1" type="stmt"/>
        <line num="36" count="2" type="stmt"/>
        <line num="46" count="236" type="stmt"/>
        <line num="47" count="2" type="stmt"/>
        <line num="51" count="5" type="stmt"/>
        <line num="52" count="102" type="cond" truecount="1" falsecount="0"/>
        <line num="53" count="1" type="stmt"/>
        <line num="56" count="101" type="stmt"/>
        <line num="60" count="102" type="stmt"/>
        <line num="61" count="102" type="cond" truecount="2" falsecount="0"/>
        <line num="70" count="4" type="stmt"/>
        <line num="79" count="99" type="stmt"/>
        <line num="81" count="99" type="stmt"/>
        <line num="83" count="99" type="stmt"/>
        <line num="85" count="99" type="cond" truecount="1" falsecount="0"/>
        <line num="86" count="52" type="stmt"/>
        <line num="91" count="99" type="stmt"/>
        <line num="95" count="17" type="cond" truecount="2" falsecount="0"/>
        <line num="96" count="12" type="stmt"/>
        <line num="97" count="5" type="cond" truecount="2" falsecount="0"/>
        <line num="98" count="3" type="stmt"/>
        <line num="100" count="2" type="stmt"/>
        <line num="111" count="12" type="stmt"/>
        <line num="113" count="12" type="stmt"/>
        <line num="114" count="18" type="cond" truecount="2" falsecount="0"/>
        <line num="116" count="18" type="cond" truecount="1" falsecount="0"/>
        <line num="117" count="13" type="stmt"/>
        <line num="119" count="18" type="stmt"/>
        <line num="122" count="12" type="cond" truecount="0" falsecount="1"/>
        <line num="123" count="0" type="stmt"/>
        <line num="126" count="12" type="stmt"/>
        <line num="128" count="12" type="stmt"/>
        <line num="132" count="12" type="stmt"/>
        <line num="134" count="12" type="cond" truecount="1" falsecount="0"/>
        <line num="135" count="8" type="stmt"/>
        <line num="140" count="61" type="stmt"/>
        <line num="143" count="61" type="stmt"/>
        <line num="144" count="61" type="stmt"/>
        <line num="147" count="145" type="cond" truecount="1" falsecount="0"/>
        <line num="148" count="42" type="stmt"/>
        <line num="152" count="61" type="stmt"/>
        <line num="153" count="183" type="cond" truecount="1" falsecount="0"/>
        <line num="154" count="183" type="stmt"/>
        <line num="165" count="70" type="stmt"/>
        <line num="169" count="96" type="stmt"/>
        <line num="171" count="96" type="stmt"/>
        <line num="175" count="96" type="stmt"/>
        <line num="176" count="192" type="stmt"/>
        <line num="179" count="192" type="stmt"/>
        <line num="180" count="576" type="stmt"/>
        <line num="191" count="5" type="stmt"/>
        <line num="200" count="137" type="stmt"/>
        <line num="201" count="137" type="stmt"/>
        <line num="205" count="137" type="stmt"/>
        <line num="206" count="202" type="stmt"/>
        <line num="207" count="462" type="cond" truecount="1" falsecount="0"/>
        <line num="208" count="137" type="stmt"/>
        <line num="209" count="137" type="stmt"/>
        <line num="210" count="137" type="stmt"/>
        <line num="222" count="50" type="stmt"/>
        <line num="232" count="3" type="stmt"/>
        <line num="233" count="6" type="stmt"/>
        <line num="234" count="6" type="stmt"/>
        <line num="238" count="18" type="cond" truecount="1" falsecount="0"/>
        <line num="239" count="3" type="cond" truecount="1" falsecount="0"/>
        <line num="240" count="3" type="stmt"/>
        <line num="245" count="6" type="stmt"/>
        <line num="250" count="11" type="cond" truecount="1" falsecount="0"/>
        <line num="251" count="1" type="stmt"/>
        <line num="257" count="14" type="cond" truecount="1" falsecount="0"/>
        <line num="258" count="9" type="stmt"/>
        <line num="262" count="5" type="stmt"/>
        <line num="263" count="10" type="stmt"/>
        <line num="264" count="27" type="cond" truecount="3" falsecount="0"/>
        <line num="265" count="3" type="stmt"/>
        <line num="270" count="2" type="stmt"/>
        <line num="274" count="0" type="stmt"/>
        <line num="279" count="0" type="stmt"/>
        <line num="281" count="0" type="cond" truecount="0" falsecount="10"/>
        <line num="286" count="5" type="stmt"/>
      </file>
      <file name="PlayingCard.ts" path="C:\Users\Witten\Documents\ShittyOldMan\Shitty-Old-Man---Game-logic\src\model\PlayingCard.ts">
        <metrics statements="25" coveredstatements="25" conditionals="3" coveredconditionals="3" methods="8" coveredmethods="8"/>
        <line num="1" count="7" type="stmt"/>
        <line num="4" count="7" type="stmt"/>
        <line num="11" count="2615" type="stmt"/>
        <line num="12" count="2615" type="stmt"/>
        <line num="13" count="2615" type="stmt"/>
        <line num="14" count="2615" type="stmt"/>
        <line num="17" count="2615" type="stmt"/>
        <line num="18" count="2615" type="stmt"/>
        <line num="19" count="2615" type="stmt"/>
        <line num="20" count="2615" type="stmt"/>
        <line num="23" count="7" type="stmt"/>
        <line num="24" count="2615" type="stmt"/>
        <line num="28" count="2615" type="stmt"/>
        <line num="32" count="2615" type="stmt"/>
        <line num="41" count="508" type="cond" truecount="1" falsecount="0"/>
        <line num="42" count="25" type="stmt"/>
        <line num="45" count="483" type="stmt"/>
        <line num="54" count="120" type="cond" truecount="1" falsecount="0"/>
        <line num="55" count="13" type="stmt"/>
        <line num="58" count="107" type="stmt"/>
        <line num="67" count="277" type="cond" truecount="1" falsecount="0"/>
        <line num="68" count="14" type="stmt"/>
        <line num="71" count="263" type="stmt"/>
        <line num="78" count="2863" type="stmt"/>
        <line num="82" count="7" type="stmt"/>
      </file>
    </package>
    <package name="model.enums.Rules">
      <metrics statements="5" coveredstatements="5" conditionals="2" coveredconditionals="2" methods="1" coveredmethods="1"/>
      <file name="MOVE.ts" path="C:\Users\Witten\Documents\ShittyOldMan\Shitty-Old-Man---Game-logic\src\model\enums\Rules\MOVE.ts">
        <metrics statements="5" coveredstatements="5" conditionals="2" coveredconditionals="2" methods="1" coveredmethods="1"/>
        <line num="1" count="3" type="cond" truecount="2" falsecount="0"/>
        <line num="2" count="3" type="stmt"/>
        <line num="3" count="3" type="stmt"/>
        <line num="4" count="3" type="stmt"/>
        <line num="5" count="3" type="stmt"/>
      </file>
    </package>
    <package name="model.enums.playingcard">
      <metrics statements="37" coveredstatements="37" conditionals="8" coveredconditionals="8" methods="5" coveredmethods="5"/>
      <file name="HIDDEN.ts" path="C:\Users\Witten\Documents\ShittyOldMan\Shitty-Old-Man---Game-logic\src\model\enums\playingcard\HIDDEN.ts">
        <metrics statements="2" coveredstatements="2" conditionals="2" coveredconditionals="2" methods="1" coveredmethods="1"/>
        <line num="1" count="7" type="cond" truecount="2" falsecount="0"/>
        <line num="2" count="7" type="stmt"/>
      </file>
      <file name="RANKS.ts" path="C:\Users\Witten\Documents\ShittyOldMan\Shitty-Old-Man---Game-logic\src\model\enums\playingcard\RANKS.ts">
        <metrics statements="14" coveredstatements="14" conditionals="2" coveredconditionals="2" methods="1" coveredmethods="1"/>
        <line num="1" count="8" type="cond" truecount="2" falsecount="0"/>
        <line num="2" count="8" type="stmt"/>
        <line num="3" count="8" type="stmt"/>
        <line num="4" count="8" type="stmt"/>
        <line num="5" count="8" type="stmt"/>
        <line num="6" count="8" type="stmt"/>
        <line num="7" count="8" type="stmt"/>
        <line num="8" count="8" type="stmt"/>
        <line num="9" count="8" type="stmt"/>
        <line num="10" count="8" type="stmt"/>
        <line num="11" count="8" type="stmt"/>
        <line num="12" count="8" type="stmt"/>
        <line num="13" count="8" type="stmt"/>
        <line num="14" count="8" type="stmt"/>
      </file>
      <file name="SUITS.ts" path="C:\Users\Witten\Documents\ShittyOldMan\Shitty-Old-Man---Game-logic\src\model\enums\playingcard\SUITS.ts">
        <metrics statements="5" coveredstatements="5" conditionals="2" coveredconditionals="2" methods="1" coveredmethods="1"/>
        <line num="1" count="7" type="cond" truecount="2" falsecount="0"/>
        <line num="2" count="7" type="stmt"/>
        <line num="3" count="7" type="stmt"/>
        <line num="4" count="7" type="stmt"/>
        <line num="5" count="7" type="stmt"/>
      </file>
      <file name="VALUES.ts" path="C:\Users\Witten\Documents\ShittyOldMan\Shitty-Old-Man---Game-logic\src\model\enums\playingcard\VALUES.ts">
        <metrics statements="16" coveredstatements="16" conditionals="2" coveredconditionals="2" methods="2" coveredmethods="2"/>
        <line num="1" count="7" type="cond" truecount="2" falsecount="0"/>
        <line num="2" count="7" type="stmt"/>
        <line num="3" count="7" type="stmt"/>
        <line num="4" count="7" type="stmt"/>
        <line num="5" count="7" type="stmt"/>
        <line num="6" count="7" type="stmt"/>
        <line num="7" count="7" type="stmt"/>
        <line num="8" count="7" type="stmt"/>
        <line num="9" count="7" type="stmt"/>
        <line num="10" count="7" type="stmt"/>
        <line num="11" count="7" type="stmt"/>
        <line num="12" count="7" type="stmt"/>
        <line num="13" count="7" type="stmt"/>
        <line num="14" count="7" type="stmt"/>
        <line num="17" count="7" type="stmt"/>
        <line num="18" count="2682" type="stmt"/>
      </file>
    </package>
    <package name="model.rules">
      <metrics statements="140" coveredstatements="140" conditionals="42" coveredconditionals="42" methods="38" coveredmethods="38"/>
      <file name="GameWinner.ts" path="C:\Users\Witten\Documents\ShittyOldMan\Shitty-Old-Man---Game-logic\src\model\rules\GameWinner.ts">
        <metrics statements="20" coveredstatements="20" conditionals="5" coveredconditionals="5" methods="6" coveredmethods="6"/>
        <line num="17" count="5" type="cond" truecount="1" falsecount="0"/>
        <line num="18" count="3" type="stmt"/>
        <line num="21" count="5" type="stmt"/>
        <line num="24" count="3" type="stmt"/>
        <line num="25" count="5" type="cond" truecount="3" falsecount="0"/>
        <line num="26" count="3" type="stmt"/>
        <line num="29" count="2" type="stmt"/>
        <line num="33" count="5" type="stmt"/>
        <line num="34" count="5" type="stmt"/>
        <line num="36" count="5" type="stmt"/>
        <line num="40" count="4" type="stmt"/>
        <line num="41" count="4" type="stmt"/>
        <line num="43" count="4" type="stmt"/>
        <line num="45" count="4" type="stmt"/>
        <line num="46" count="8" type="stmt"/>
        <line num="47" count="24" type="cond" truecount="1" falsecount="0"/>
        <line num="48" count="19" type="stmt"/>
        <line num="53" count="4" type="stmt"/>
        <line num="57" count="24" type="stmt"/>
        <line num="61" count="3" type="stmt"/>
      </file>
      <file name="OneLayerDeck.ts" path="C:\Users\Witten\Documents\ShittyOldMan\Shitty-Old-Man---Game-logic\src\model\rules\OneLayerDeck.ts">
        <metrics statements="20" coveredstatements="20" conditionals="0" coveredconditionals="0" methods="7" coveredmethods="7"/>
        <line num="10" count="34" type="stmt"/>
        <line num="13" count="34" type="stmt"/>
        <line num="22" count="30" type="stmt"/>
        <line num="35" count="5" type="stmt"/>
        <line num="36" count="5" type="stmt"/>
        <line num="38" count="5" type="stmt"/>
        <line num="41" count="3" type="stmt"/>
        <line num="42" count="10" type="stmt"/>
        <line num="43" count="30" type="stmt"/>
        <line num="48" count="30" type="stmt"/>
        <line num="49" count="60" type="stmt"/>
        <line num="50" count="60" type="stmt"/>
        <line num="51" count="60" type="stmt"/>
        <line num="56" count="5" type="stmt"/>
        <line num="57" count="15" type="stmt"/>
        <line num="62" count="15" type="stmt"/>
        <line num="63" count="30" type="stmt"/>
        <line num="64" count="30" type="stmt"/>
        <line num="65" count="30" type="stmt"/>
        <line num="70" count="3" type="stmt"/>
      </file>
      <file name="OrginalGameRules.ts" path="C:\Users\Witten\Documents\ShittyOldMan\Shitty-Old-Man---Game-logic\src\model\rules\OrginalGameRules.ts">
        <metrics statements="93" coveredstatements="93" conditionals="37" coveredconditionals="37" methods="22" coveredmethods="22"/>
        <line num="1" count="3" type="stmt"/>
        <line num="2" count="3" type="stmt"/>
        <line num="22" count="31" type="stmt"/>
        <line num="25" count="31" type="cond" truecount="1" falsecount="0"/>
        <line num="26" count="22" type="stmt"/>
        <line num="27" count="34" type="cond" truecount="4" falsecount="0"/>
        <line num="28" count="4" type="stmt"/>
        <line num="33" count="27" type="stmt"/>
        <line num="35" count="27" type="cond" truecount="1" falsecount="0"/>
        <line num="36" count="2" type="stmt"/>
        <line num="39" count="25" type="cond" truecount="1" falsecount="0"/>
        <line num="40" count="1" type="stmt"/>
        <line num="43" count="24" type="cond" truecount="1" falsecount="0"/>
        <line num="44" count="4" type="stmt"/>
        <line num="47" count="20" type="stmt"/>
        <line num="48" count="20" type="cond" truecount="1" falsecount="0"/>
        <line num="49" count="2" type="stmt"/>
        <line num="52" count="18" type="cond" truecount="1" falsecount="0"/>
        <line num="53" count="1" type="stmt"/>
        <line num="56" count="17" type="cond" truecount="1" falsecount="0"/>
        <line num="57" count="12" type="stmt"/>
        <line num="60" count="5" type="stmt"/>
        <line num="64" count="3" type="stmt"/>
        <line num="65" count="31" type="stmt"/>
        <line num="66" count="43" type="stmt"/>
        <line num="71" count="31" type="stmt"/>
        <line num="73" count="31" type="stmt"/>
        <line num="74" count="31" type="stmt"/>
        <line num="76" count="31" type="stmt"/>
        <line num="77" count="46" type="cond" truecount="1" falsecount="0"/>
        <line num="78" count="46" type="stmt"/>
        <line num="82" count="31" type="stmt"/>
        <line num="83" count="62" type="stmt"/>
        <line num="84" count="186" type="cond" truecount="1" falsecount="0"/>
        <line num="85" count="6" type="stmt"/>
        <line num="90" count="31" type="stmt"/>
        <line num="94" count="34" type="stmt"/>
        <line num="96" count="55" type="stmt"/>
        <line num="98" count="34" type="stmt"/>
        <line num="102" count="24" type="stmt"/>
        <line num="103" count="24" type="stmt"/>
        <line num="105" count="24" type="cond" truecount="1" falsecount="0"/>
        <line num="106" count="5" type="stmt"/>
        <line num="107" count="5" type="stmt"/>
        <line num="110" count="5" type="cond" truecount="3" falsecount="0"/>
        <line num="111" count="1" type="stmt"/>
        <line num="115" count="4" type="cond" truecount="1" falsecount="0"/>
        <line num="120" count="1" type="stmt"/>
        <line num="124" count="3" type="cond" truecount="1" falsecount="0"/>
        <line num="129" count="2" type="stmt"/>
        <line num="133" count="20" type="stmt"/>
        <line num="137" count="10" type="stmt"/>
        <line num="141" count="33" type="cond" truecount="1" falsecount="0"/>
        <line num="142" count="9" type="stmt"/>
        <line num="145" count="24" type="stmt"/>
        <line num="149" count="5" type="stmt"/>
        <line num="153" count="5" type="stmt"/>
        <line num="157" count="10" type="stmt"/>
        <line num="159" count="10" type="stmt"/>
        <line num="161" count="10" type="cond" truecount="2" falsecount="0"/>
        <line num="162" count="5" type="stmt"/>
        <line num="164" count="5" type="stmt"/>
        <line num="169" count="51" type="cond" truecount="1" falsecount="0"/>
        <line num="170" count="14" type="stmt"/>
        <line num="173" count="37" type="stmt"/>
        <line num="175" count="37" type="stmt"/>
        <line num="179" count="51" type="stmt"/>
        <line num="181" count="51" type="stmt"/>
        <line num="185" count="25" type="cond" truecount="3" falsecount="0"/>
        <line num="186" count="2" type="stmt"/>
        <line num="188" count="2" type="stmt"/>
        <line num="189" count="5" type="stmt"/>
        <line num="191" count="5" type="cond" truecount="2" falsecount="0"/>
        <line num="192" count="4" type="stmt"/>
        <line num="194" count="1" type="stmt"/>
        <line num="195" count="1" type="stmt"/>
        <line num="199" count="2" type="stmt"/>
        <line num="204" count="22" type="cond" truecount="1" falsecount="0"/>
        <line num="205" count="7" type="stmt"/>
        <line num="208" count="15" type="cond" truecount="1" falsecount="0"/>
        <line num="209" count="1" type="stmt"/>
        <line num="210" count="1" type="stmt"/>
        <line num="213" count="14" type="cond" truecount="1" falsecount="0"/>
        <line num="214" count="1" type="stmt"/>
        <line num="215" count="1" type="stmt"/>
        <line num="218" count="13" type="stmt"/>
        <line num="222" count="2" type="stmt"/>
        <line num="226" count="287" type="stmt"/>
        <line num="230" count="51" type="stmt"/>
        <line num="234" count="34" type="stmt"/>
        <line num="238" count="51" type="stmt"/>
        <line num="242" count="25" type="stmt"/>
        <line num="246" count="3" type="stmt"/>
      </file>
      <file name="RulesFactory.ts" path="C:\Users\Witten\Documents\ShittyOldMan\Shitty-Old-Man---Game-logic\src\model\rules\RulesFactory.ts">
        <metrics statements="7" coveredstatements="7" conditionals="0" coveredconditionals="0" methods="3" coveredmethods="3"/>
        <line num="1" count="2" type="stmt"/>
        <line num="5" count="2" type="stmt"/>
        <line num="6" count="2" type="stmt"/>
        <line num="15" count="33" type="stmt"/>
        <line num="24" count="12" type="stmt"/>
        <line num="33" count="2" type="stmt"/>
        <line num="37" count="2" type="stmt"/>
      </file>
    </package>
  </project>
</coverage>
