{"C:\\Users\\Witten\\Documents\\ShittyOldMan\\Shitty-Old-Man---Game-logic\\src\\Deck.ts": {"path":"C:\\Users\\Witten\\Documents\\ShittyOldMan\\Shitty-Old-Man---Game-logic\\src\\Deck.ts","statementMap":{"0":{"start":{"line":1,"column":0},"end":{"line":1,"column":52}},"1":{"start":{"line":2,"column":0},"end":{"line":2,"column":52}},"2":{"start":{"line":3,"column":0},"end":{"line":3,"column":46}},"3":{"start":{"line":10,"column":2},"end":{"line":10,"column":23}},"4":{"start":{"line":13,"column":4},"end":{"line":13,"column":null}},"5":{"start":{"line":15,"column":4},"end":{"line":15,"column":null}},"6":{"start":{"line":35,"column":4},"end":{"line":39,"column":5}},"7":{"start":{"line":36,"column":6},"end":{"line":36,"column":null}},"8":{"start":{"line":38,"column":6},"end":{"line":38,"column":null}},"9":{"start":{"line":48,"column":4},"end":{"line":48,"column":null}},"10":{"start":{"line":55,"column":4},"end":{"line":58,"column":5}},"11":{"start":{"line":55,"column":17},"end":{"line":55,"column":39}},"12":{"start":{"line":56,"column":26},"end":{"line":56,"column":61}},"13":{"start":{"line":57,"column":7},"end":{"line":57,"column":null}},"14":{"start":{"line":68,"column":4},"end":{"line":68,"column":null}},"15":{"start":{"line":72,"column":9},"end":{"line":72,"column":13}},"16":{"start":{"line":19,"column":4},"end":{"line":26,"column":5}},"17":{"start":{"line":20,"column":6},"end":{"line":25,"column":7}},"18":{"start":{"line":21,"column":28},"end":{"line":21,"column":55}},"19":{"start":{"line":22,"column":8},"end":{"line":22,"column":null}},"20":{"start":{"line":24,"column":8},"end":{"line":24,"column":null}}},"fnMap":{"0":{"name":"(anonymous_2)","decl":{"start":{"line":12,"column":2},"end":{"line":12,"column":null}},"loc":{"start":{"line":12,"column":2},"end":{"line":16,"column":3}}},"1":{"name":"(anonymous_3)","decl":{"start":{"line":34,"column":2},"end":{"line":34,"column":10}},"loc":{"start":{"line":34,"column":10},"end":{"line":40,"column":3}}},"2":{"name":"(anonymous_4)","decl":{"start":{"line":47,"column":2},"end":{"line":47,"column":6}},"loc":{"start":{"line":47,"column":15},"end":{"line":49,"column":3}}},"3":{"name":"(anonymous_5)","decl":{"start":{"line":54,"column":2},"end":{"line":54,"column":9}},"loc":{"start":{"line":54,"column":9},"end":{"line":60,"column":3}}},"4":{"name":"(anonymous_6)","decl":{"start":{"line":67,"column":2},"end":{"line":67,"column":5}},"loc":{"start":{"line":67,"column":23},"end":{"line":69,"column":3}}}},"branchMap":{"0":{"loc":{"start":{"line":35,"column":4},"end":{"line":39,"column":5}},"type":"if","locations":[{"start":{"line":35,"column":4},"end":{"line":39,"column":5}},{"start":{"line":37,"column":11},"end":{"line":39,"column":5}}]}},"s":{"0":3,"1":3,"2":3,"3":30,"4":30,"5":30,"6":530,"7":1,"8":529,"9":594,"10":8,"11":8,"12":357,"13":357,"14":260,"15":3,"16":30,"17":120,"18":1560,"19":1560,"20":1560},"f":{"0":30,"1":530,"2":594,"3":8,"4":260},"b":{"0":[1,529]}}
,"C:\\Users\\Witten\\Documents\\ShittyOldMan\\Shitty-Old-Man---Game-logic\\src\\Player.ts": {"path":"C:\\Users\\Witten\\Documents\\ShittyOldMan\\Shitty-Old-Man---Game-logic\\src\\Player.ts","statementMap":{"0":{"start":{"line":6,"column":2},"end":{"line":6,"column":15}},"1":{"start":{"line":7,"column":2},"end":{"line":7,"column":22}},"2":{"start":{"line":8,"column":2},"end":{"line":8,"column":13}},"3":{"start":{"line":9,"column":2},"end":{"line":9,"column":21}},"4":{"start":{"line":13,"column":4},"end":{"line":13,"column":null}},"5":{"start":{"line":14,"column":4},"end":{"line":14,"column":null}},"6":{"start":{"line":15,"column":4},"end":{"line":15,"column":null}},"7":{"start":{"line":16,"column":4},"end":{"line":16,"column":null}},"8":{"start":{"line":17,"column":4},"end":{"line":17,"column":null}},"9":{"start":{"line":26,"column":4},"end":{"line":26,"column":null}},"10":{"start":{"line":35,"column":4},"end":{"line":35,"column":86}},"11":{"start":{"line":35,"column":61},"end":{"line":35,"column":84}},"12":{"start":{"line":44,"column":4},"end":{"line":46,"column":5}},"13":{"start":{"line":45,"column":6},"end":{"line":45,"column":null}},"14":{"start":{"line":68,"column":4},"end":{"line":68,"column":null}},"15":{"start":{"line":77,"column":4},"end":{"line":77,"column":null}},"16":{"start":{"line":79,"column":4},"end":{"line":79,"column":null}},"17":{"start":{"line":81,"column":4},"end":{"line":81,"column":null}},"18":{"start":{"line":83,"column":4},"end":{"line":85,"column":5}},"19":{"start":{"line":84,"column":6},"end":{"line":84,"column":null}},"20":{"start":{"line":93,"column":4},"end":{"line":97,"column":5}},"21":{"start":{"line":94,"column":6},"end":{"line":94,"column":null}},"22":{"start":{"line":96,"column":6},"end":{"line":96,"column":null}},"23":{"start":{"line":157,"column":4},"end":{"line":157,"column":null}},"24":{"start":{"line":161,"column":4},"end":{"line":161,"column":null}},"25":{"start":{"line":163,"column":4},"end":{"line":163,"column":null}},"26":{"start":{"line":183,"column":4},"end":{"line":183,"column":null}},"27":{"start":{"line":192,"column":19},"end":{"line":192,"column":42}},"28":{"start":{"line":193,"column":25},"end":{"line":193,"column":26}},"29":{"start":{"line":197,"column":4},"end":{"line":205,"column":5}},"30":{"start":{"line":197,"column":17},"end":{"line":197,"column":18}},"31":{"start":{"line":198,"column":6},"end":{"line":204,"column":7}},"32":{"start":{"line":198,"column":23},"end":{"line":198,"column":24}},"33":{"start":{"line":199,"column":8},"end":{"line":203,"column":9}},"34":{"start":{"line":200,"column":10},"end":{"line":200,"column":null}},"35":{"start":{"line":201,"column":10},"end":{"line":201,"column":null}},"36":{"start":{"line":202,"column":10},"end":{"line":202,"column":16}},"37":{"start":{"line":214,"column":4},"end":{"line":214,"column":null}},"38":{"start":{"line":244,"column":9},"end":{"line":244,"column":15}},"39":{"start":{"line":49,"column":11},"end":{"line":241,"column":null}},"40":{"start":{"line":50,"column":4},"end":{"line":52,"column":5}},"41":{"start":{"line":51,"column":6},"end":{"line":51,"column":null}},"42":{"start":{"line":54,"column":4},"end":{"line":54,"column":null}},"43":{"start":{"line":58,"column":22},"end":{"line":58,"column":39}},"44":{"start":{"line":59,"column":4},"end":{"line":59,"column":null}},"45":{"start":{"line":89,"column":4},"end":{"line":89,"column":null}},"46":{"start":{"line":89,"column":30},"end":{"line":89,"column":55}},"47":{"start":{"line":106,"column":20},"end":{"line":106,"column":25}},"48":{"start":{"line":108,"column":4},"end":{"line":114,"column":null}},"49":{"start":{"line":109,"column":22},"end":{"line":109,"column":88}},"50":{"start":{"line":110,"column":6},"end":{"line":112,"column":7}},"51":{"start":{"line":111,"column":8},"end":{"line":111,"column":25}},"52":{"start":{"line":113,"column":6},"end":{"line":113,"column":22}},"53":{"start":{"line":116,"column":4},"end":{"line":118,"column":5}},"54":{"start":{"line":117,"column":6},"end":{"line":117,"column":null}},"55":{"start":{"line":120,"column":4},"end":{"line":120,"column":null}},"56":{"start":{"line":124,"column":23},"end":{"line":124,"column":40}},"57":{"start":{"line":126,"column":4},"end":{"line":128,"column":5}},"58":{"start":{"line":127,"column":6},"end":{"line":127,"column":null}},"59":{"start":{"line":132,"column":25},"end":{"line":132,"column":26}},"60":{"start":{"line":135,"column":21},"end":{"line":135,"column":48}},"61":{"start":{"line":136,"column":24},"end":{"line":136,"column":51}},"62":{"start":{"line":139,"column":4},"end":{"line":141,"column":5}},"63":{"start":{"line":139,"column":51},"end":{"line":139,"column":64}},"64":{"start":{"line":140,"column":6},"end":{"line":140,"column":null}},"65":{"start":{"line":144,"column":4},"end":{"line":148,"column":5}},"66":{"start":{"line":144,"column":17},"end":{"line":144,"column":18}},"67":{"start":{"line":145,"column":6},"end":{"line":147,"column":7}},"68":{"start":{"line":146,"column":8},"end":{"line":146,"column":null}},"69":{"start":{"line":167,"column":4},"end":{"line":174,"column":5}},"70":{"start":{"line":167,"column":17},"end":{"line":167,"column":18}},"71":{"start":{"line":168,"column":6},"end":{"line":168,"column":null}},"72":{"start":{"line":171,"column":6},"end":{"line":173,"column":7}},"73":{"start":{"line":171,"column":21},"end":{"line":171,"column":22}},"74":{"start":{"line":172,"column":8},"end":{"line":172,"column":null}},"75":{"start":{"line":224,"column":4},"end":{"line":234,"column":5}},"76":{"start":{"line":224,"column":19},"end":{"line":224,"column":20}},"77":{"start":{"line":225,"column":6},"end":{"line":231,"column":7}},"78":{"start":{"line":225,"column":26},"end":{"line":225,"column":27}},"79":{"start":{"line":226,"column":8},"end":{"line":230,"column":9}},"80":{"start":{"line":227,"column":10},"end":{"line":229,"column":11}},"81":{"start":{"line":228,"column":12},"end":{"line":228,"column":null}},"82":{"start":{"line":233,"column":6},"end":{"line":233,"column":null}},"83":{"start":{"line":238,"column":4},"end":{"line":240,"column":5}},"84":{"start":{"line":238,"column":46},"end":{"line":238,"column":59}},"85":{"start":{"line":239,"column":6},"end":{"line":239,"column":null}}},"fnMap":{"0":{"name":"(anonymous_2)","decl":{"start":{"line":12,"column":2},"end":{"line":12,"column":14}},"loc":{"start":{"line":12,"column":26},"end":{"line":18,"column":3}}},"1":{"name":"(anonymous_3)","decl":{"start":{"line":25,"column":2},"end":{"line":25,"column":13}},"loc":{"start":{"line":25,"column":37},"end":{"line":27,"column":3}}},"2":{"name":"(anonymous_4)","decl":{"start":{"line":34,"column":2},"end":{"line":34,"column":16}},"loc":{"start":{"line":34,"column":40},"end":{"line":36,"column":3}}},"3":{"name":"(anonymous_5)","decl":{"start":{"line":35,"column":47},"end":{"line":35,"column":57}},"loc":{"start":{"line":35,"column":61},"end":{"line":35,"column":84}}},"4":{"name":"(anonymous_6)","decl":{"start":{"line":43,"column":2},"end":{"line":43,"column":17}},"loc":{"start":{"line":43,"column":35},"end":{"line":47,"column":3}}},"5":{"name":"(anonymous_7)","decl":{"start":{"line":67,"column":2},"end":{"line":67,"column":6}},"loc":{"start":{"line":67,"column":10},"end":{"line":69,"column":3}}},"6":{"name":"(anonymous_8)","decl":{"start":{"line":76,"column":2},"end":{"line":76,"column":11}},"loc":{"start":{"line":76,"column":29},"end":{"line":86,"column":3}}},"7":{"name":"(anonymous_9)","decl":{"start":{"line":92,"column":2},"end":{"line":92,"column":10}},"loc":{"start":{"line":92,"column":28},"end":{"line":98,"column":3}}},"8":{"name":"(anonymous_10)","decl":{"start":{"line":156,"column":2},"end":{"line":156,"column":9}},"loc":{"start":{"line":156,"column":9},"end":{"line":158,"column":3}}},"9":{"name":"(anonymous_11)","decl":{"start":{"line":160,"column":2},"end":{"line":160,"column":23}},"loc":{"start":{"line":160,"column":32},"end":{"line":164,"column":3}}},"10":{"name":"(anonymous_12)","decl":{"start":{"line":182,"column":2},"end":{"line":182,"column":18}},"loc":{"start":{"line":182,"column":18},"end":{"line":184,"column":3}}},"11":{"name":"(anonymous_13)","decl":{"start":{"line":191,"column":2},"end":{"line":191,"column":14}},"loc":{"start":{"line":191,"column":32},"end":{"line":206,"column":3}}},"12":{"name":"(anonymous_14)","decl":{"start":{"line":213,"column":2},"end":{"line":213,"column":15}},"loc":{"start":{"line":213,"column":15},"end":{"line":215,"column":3}}},"13":{"name":"_Player_setName","decl":{"start":{"line":49,"column":11},"end":{"line":49,"column":23}},"loc":{"start":{"line":49,"column":23},"end":{"line":55,"column":3}}},"14":{"name":"_Player_isValidName","decl":{"start":{"line":55,"column":3},"end":{"line":55,"column":null}},"loc":{"start":{"line":57,"column":27},"end":{"line":60,"column":3}}},"15":{"name":"_Player_sortHand","decl":{"start":{"line":60,"column":3},"end":{"line":60,"column":null}},"loc":{"start":{"line":60,"column":3},"end":{"line":90,"column":3}}},"16":{"name":"(anonymous_18)","decl":{"start":{"line":89,"column":20},"end":{"line":89,"column":21}},"loc":{"start":{"line":89,"column":30},"end":{"line":89,"column":55}}},"17":{"name":"_Player_removeFromHand","decl":{"start":{"line":90,"column":3},"end":{"line":90,"column":null}},"loc":{"start":{"line":105,"column":43},"end":{"line":121,"column":3}}},"18":{"name":"(anonymous_20)","decl":{"start":{"line":108,"column":35},"end":{"line":108,"column":39}},"loc":{"start":{"line":108,"column":42},"end":{"line":114,"column":5}}},"19":{"name":"_Player_isHandEmpty","decl":{"start":{"line":121,"column":3},"end":{"line":121,"column":null}},"loc":{"start":{"line":121,"column":3},"end":{"line":129,"column":3}}},"20":{"name":"_Player_changeAvailability","decl":{"start":{"line":129,"column":3},"end":{"line":129,"column":null}},"loc":{"start":{"line":131,"column":37},"end":{"line":149,"column":3}}},"21":{"name":"(anonymous_23)","decl":{"start":{"line":139,"column":43},"end":{"line":139,"column":47}},"loc":{"start":{"line":139,"column":51},"end":{"line":139,"column":64}}},"22":{"name":"_Player_initzalizeTableCardsArray","decl":{"start":{"line":149,"column":3},"end":{"line":149,"column":null}},"loc":{"start":{"line":149,"column":3},"end":{"line":175,"column":3}}},"23":{"name":"_Player_removeFromTable","decl":{"start":{"line":175,"column":3},"end":{"line":175,"column":null}},"loc":{"start":{"line":223,"column":36},"end":{"line":235,"column":3}}},"24":{"name":"_Player_everyCardIsNull","decl":{"start":{"line":235,"column":3},"end":{"line":235,"column":null}},"loc":{"start":{"line":237,"column":32},"end":{"line":241,"column":3}}},"25":{"name":"(anonymous_27)","decl":{"start":{"line":238,"column":38},"end":{"line":238,"column":42}},"loc":{"start":{"line":238,"column":46},"end":{"line":238,"column":59}}}},"branchMap":{"0":{"loc":{"start":{"line":83,"column":4},"end":{"line":85,"column":5}},"type":"if","locations":[{"start":{"line":83,"column":4},"end":{"line":85,"column":5}}]},"1":{"loc":{"start":{"line":93,"column":4},"end":{"line":97,"column":5}},"type":"if","locations":[{"start":{"line":93,"column":4},"end":{"line":97,"column":5}},{"start":{"line":95,"column":11},"end":{"line":97,"column":5}}]},"2":{"loc":{"start":{"line":199,"column":8},"end":{"line":203,"column":9}},"type":"if","locations":[{"start":{"line":199,"column":8},"end":{"line":203,"column":9}}]},"3":{"loc":{"start":{"line":50,"column":4},"end":{"line":52,"column":5}},"type":"if","locations":[{"start":{"line":50,"column":4},"end":{"line":52,"column":5}}]},"4":{"loc":{"start":{"line":59,"column":11},"end":{"line":59,"column":50}},"type":"binary-expr","locations":[{"start":{"line":59,"column":11},"end":{"line":59,"column":26}},{"start":{"line":59,"column":30},"end":{"line":59,"column":50}}]},"5":{"loc":{"start":{"line":109,"column":22},"end":{"line":109,"column":88}},"type":"binary-expr","locations":[{"start":{"line":109,"column":22},"end":{"line":109,"column":53}},{"start":{"line":109,"column":57},"end":{"line":109,"column":88}}]},"6":{"loc":{"start":{"line":110,"column":6},"end":{"line":112,"column":7}},"type":"if","locations":[{"start":{"line":110,"column":6},"end":{"line":112,"column":7}}]},"7":{"loc":{"start":{"line":116,"column":4},"end":{"line":118,"column":5}},"type":"if","locations":[{"start":{"line":116,"column":4},"end":{"line":118,"column":5}}]},"8":{"loc":{"start":{"line":126,"column":4},"end":{"line":128,"column":5}},"type":"if","locations":[{"start":{"line":126,"column":4},"end":{"line":128,"column":5}}]},"9":{"loc":{"start":{"line":139,"column":4},"end":{"line":141,"column":5}},"type":"if","locations":[{"start":{"line":139,"column":4},"end":{"line":141,"column":5}}]},"10":{"loc":{"start":{"line":145,"column":6},"end":{"line":147,"column":7}},"type":"if","locations":[{"start":{"line":145,"column":6},"end":{"line":147,"column":7}}]},"11":{"loc":{"start":{"line":226,"column":8},"end":{"line":230,"column":9}},"type":"if","locations":[{"start":{"line":226,"column":8},"end":{"line":230,"column":9}}]},"12":{"loc":{"start":{"line":227,"column":10},"end":{"line":229,"column":11}},"type":"if","locations":[{"start":{"line":227,"column":10},"end":{"line":229,"column":11}}]},"13":{"loc":{"start":{"line":238,"column":4},"end":{"line":240,"column":5}},"type":"if","locations":[{"start":{"line":238,"column":4},"end":{"line":240,"column":5}}]}},"s":{"0":32,"1":32,"2":32,"3":32,"4":32,"5":31,"6":31,"7":31,"8":31,"9":7,"10":1,"11":2,"12":148,"13":2,"14":1,"15":33,"16":33,"17":33,"18":33,"19":17,"20":8,"21":4,"22":4,"23":12,"24":26,"25":26,"26":5,"27":115,"28":115,"29":115,"30":115,"31":172,"32":172,"33":400,"34":115,"35":115,"36":115,"37":10,"38":3,"39":3,"40":32,"41":1,"42":31,"43":32,"44":32,"45":33,"46":30,"47":4,"48":4,"49":6,"50":6,"51":3,"52":6,"53":4,"54":1,"55":3,"56":3,"57":3,"58":2,"59":20,"60":20,"61":20,"62":20,"63":28,"64":4,"65":20,"66":20,"67":60,"68":60,"69":26,"70":26,"71":52,"72":52,"73":52,"74":156,"75":4,"76":4,"77":8,"78":8,"79":24,"80":4,"81":3,"82":8,"83":8,"84":13,"85":1},"f":{"0":32,"1":7,"2":1,"3":2,"4":148,"5":1,"6":33,"7":8,"8":12,"9":26,"10":5,"11":115,"12":10,"13":32,"14":32,"15":33,"16":30,"17":4,"18":6,"19":3,"20":20,"21":28,"22":26,"23":4,"24":8,"25":13},"b":{"0":[17],"1":[4,4],"2":[115],"3":[1],"4":[32,32],"5":[6,3],"6":[3],"7":[1],"8":[2],"9":[4],"10":[60],"11":[4],"12":[3],"13":[1]}}
,"C:\\Users\\Witten\\Documents\\ShittyOldMan\\Shitty-Old-Man---Game-logic\\src\\PlayingCard.ts": {"path":"C:\\Users\\Witten\\Documents\\ShittyOldMan\\Shitty-Old-Man---Game-logic\\src\\PlayingCard.ts","statementMap":{"0":{"start":{"line":3,"column":0},"end":{"line":3,"column":71}},"1":{"start":{"line":10,"column":2},"end":{"line":10,"column":14}},"2":{"start":{"line":11,"column":2},"end":{"line":11,"column":14}},"3":{"start":{"line":12,"column":2},"end":{"line":12,"column":16}},"4":{"start":{"line":13,"column":2},"end":{"line":13,"column":20}},"5":{"start":{"line":16,"column":4},"end":{"line":16,"column":null}},"6":{"start":{"line":17,"column":4},"end":{"line":17,"column":null}},"7":{"start":{"line":18,"column":4},"end":{"line":18,"column":null}},"8":{"start":{"line":19,"column":4},"end":{"line":19,"column":null}},"9":{"start":{"line":40,"column":4},"end":{"line":42,"column":5}},"10":{"start":{"line":41,"column":6},"end":{"line":41,"column":23}},"11":{"start":{"line":44,"column":4},"end":{"line":44,"column":null}},"12":{"start":{"line":53,"column":4},"end":{"line":55,"column":5}},"13":{"start":{"line":54,"column":6},"end":{"line":54,"column":23}},"14":{"start":{"line":57,"column":4},"end":{"line":57,"column":null}},"15":{"start":{"line":66,"column":4},"end":{"line":68,"column":5}},"16":{"start":{"line":67,"column":6},"end":{"line":67,"column":23}},"17":{"start":{"line":70,"column":4},"end":{"line":70,"column":null}},"18":{"start":{"line":77,"column":4},"end":{"line":77,"column":null}},"19":{"start":{"line":81,"column":9},"end":{"line":81,"column":20}},"20":{"start":{"line":22,"column":11},"end":{"line":32,"column":null}},"21":{"start":{"line":23,"column":4},"end":{"line":23,"column":null}},"22":{"start":{"line":27,"column":4},"end":{"line":27,"column":null}},"23":{"start":{"line":31,"column":4},"end":{"line":31,"column":null}}},"fnMap":{"0":{"name":"(anonymous_2)","decl":{"start":{"line":15,"column":2},"end":{"line":15,"column":14}},"loc":{"start":{"line":15,"column":38},"end":{"line":20,"column":3}}},"1":{"name":"(anonymous_3)","decl":{"start":{"line":39,"column":2},"end":{"line":39,"column":6}},"loc":{"start":{"line":39,"column":10},"end":{"line":45,"column":3}}},"2":{"name":"(anonymous_4)","decl":{"start":{"line":52,"column":2},"end":{"line":52,"column":6}},"loc":{"start":{"line":52,"column":10},"end":{"line":58,"column":3}}},"3":{"name":"(anonymous_5)","decl":{"start":{"line":65,"column":2},"end":{"line":65,"column":9}},"loc":{"start":{"line":65,"column":9},"end":{"line":71,"column":3}}},"4":{"name":"(anonymous_6)","decl":{"start":{"line":76,"column":2},"end":{"line":76,"column":6}},"loc":{"start":{"line":76,"column":22},"end":{"line":78,"column":3}}},"5":{"name":"_PlayingCard_setRank","decl":{"start":{"line":22,"column":11},"end":{"line":22,"column":15}},"loc":{"start":{"line":22,"column":15},"end":{"line":24,"column":3}}},"6":{"name":"_PlayingCard_setSuit","decl":{"start":{"line":24,"column":3},"end":{"line":24,"column":null}},"loc":{"start":{"line":26,"column":15},"end":{"line":28,"column":3}}},"7":{"name":"_PlayingCard_setValue","decl":{"start":{"line":28,"column":3},"end":{"line":28,"column":null}},"loc":{"start":{"line":28,"column":3},"end":{"line":32,"column":3}}}},"branchMap":{"0":{"loc":{"start":{"line":40,"column":4},"end":{"line":42,"column":5}},"type":"if","locations":[{"start":{"line":40,"column":4},"end":{"line":42,"column":5}}]},"1":{"loc":{"start":{"line":53,"column":4},"end":{"line":55,"column":5}},"type":"if","locations":[{"start":{"line":53,"column":4},"end":{"line":55,"column":5}}]},"2":{"loc":{"start":{"line":66,"column":4},"end":{"line":68,"column":5}},"type":"if","locations":[{"start":{"line":66,"column":4},"end":{"line":68,"column":5}}]}},"s":{"0":5,"1":1775,"2":1775,"3":1775,"4":1775,"5":1775,"6":1775,"7":1775,"8":1775,"9":168,"10":18,"11":150,"12":98,"13":11,"14":87,"15":141,"16":14,"17":127,"18":1898,"19":5,"20":5,"21":1775,"22":1775,"23":1775},"f":{"0":1775,"1":168,"2":98,"3":141,"4":1898,"5":1775,"6":1775,"7":1775},"b":{"0":[18],"1":[11],"2":[14]}}
,"C:\\Users\\Witten\\Documents\\ShittyOldMan\\Shitty-Old-Man---Game-logic\\src\\enums\\playingcard\\RANKS.ts": {"path":"C:\\Users\\Witten\\Documents\\ShittyOldMan\\Shitty-Old-Man---Game-logic\\src\\enums\\playingcard\\RANKS.ts","statementMap":{"0":{"start":{"line":1,"column":0},"end":{"line":1,"column":null}},"1":{"start":{"line":2,"column":2},"end":{"line":2,"column":null}},"2":{"start":{"line":3,"column":2},"end":{"line":3,"column":null}},"3":{"start":{"line":4,"column":2},"end":{"line":4,"column":null}},"4":{"start":{"line":5,"column":2},"end":{"line":5,"column":null}},"5":{"start":{"line":6,"column":2},"end":{"line":6,"column":null}},"6":{"start":{"line":7,"column":2},"end":{"line":7,"column":null}},"7":{"start":{"line":8,"column":2},"end":{"line":8,"column":null}},"8":{"start":{"line":9,"column":2},"end":{"line":9,"column":null}},"9":{"start":{"line":10,"column":2},"end":{"line":10,"column":null}},"10":{"start":{"line":11,"column":2},"end":{"line":11,"column":null}},"11":{"start":{"line":12,"column":2},"end":{"line":12,"column":null}},"12":{"start":{"line":13,"column":2},"end":{"line":13,"column":null}},"13":{"start":{"line":14,"column":2},"end":{"line":14,"column":null}}},"fnMap":{"0":{"name":"(anonymous_0)","decl":{"start":{"line":1,"column":0},"end":{"line":1,"column":12}},"loc":{"start":{"line":1,"column":17},"end":{"line":15,"column":1}}}},"branchMap":{"0":{"loc":{"start":{"line":1,"column":12},"end":{"line":1,"column":null}},"type":"binary-expr","locations":[{"start":{"line":1,"column":12},"end":{"line":1,"column":17}},{"start":{"line":1,"column":17},"end":{"line":1,"column":null}}]}},"s":{"0":5,"1":5,"2":5,"3":5,"4":5,"5":5,"6":5,"7":5,"8":5,"9":5,"10":5,"11":5,"12":5,"13":5},"f":{"0":5},"b":{"0":[5,5]}}
,"C:\\Users\\Witten\\Documents\\ShittyOldMan\\Shitty-Old-Man---Game-logic\\src\\enums\\playingcard\\SUITS.ts": {"path":"C:\\Users\\Witten\\Documents\\ShittyOldMan\\Shitty-Old-Man---Game-logic\\src\\enums\\playingcard\\SUITS.ts","statementMap":{"0":{"start":{"line":1,"column":0},"end":{"line":1,"column":null}},"1":{"start":{"line":2,"column":2},"end":{"line":2,"column":null}},"2":{"start":{"line":3,"column":2},"end":{"line":3,"column":null}},"3":{"start":{"line":4,"column":2},"end":{"line":4,"column":null}},"4":{"start":{"line":5,"column":2},"end":{"line":5,"column":null}}},"fnMap":{"0":{"name":"(anonymous_0)","decl":{"start":{"line":1,"column":0},"end":{"line":1,"column":12}},"loc":{"start":{"line":1,"column":17},"end":{"line":6,"column":1}}}},"branchMap":{"0":{"loc":{"start":{"line":1,"column":12},"end":{"line":1,"column":null}},"type":"binary-expr","locations":[{"start":{"line":1,"column":12},"end":{"line":1,"column":17}},{"start":{"line":1,"column":17},"end":{"line":1,"column":null}}]}},"s":{"0":5,"1":5,"2":5,"3":5,"4":5},"f":{"0":5},"b":{"0":[5,5]}}
,"C:\\Users\\Witten\\Documents\\ShittyOldMan\\Shitty-Old-Man---Game-logic\\src\\enums\\playingcard\\VALUES.ts": {"path":"C:\\Users\\Witten\\Documents\\ShittyOldMan\\Shitty-Old-Man---Game-logic\\src\\enums\\playingcard\\VALUES.ts","statementMap":{"0":{"start":{"line":17,"column":0},"end":{"line":17,"column":16}},"1":{"start":{"line":1,"column":0},"end":{"line":1,"column":null}},"2":{"start":{"line":2,"column":2},"end":{"line":2,"column":null}},"3":{"start":{"line":3,"column":2},"end":{"line":3,"column":null}},"4":{"start":{"line":4,"column":2},"end":{"line":4,"column":null}},"5":{"start":{"line":5,"column":2},"end":{"line":5,"column":null}},"6":{"start":{"line":6,"column":2},"end":{"line":6,"column":null}},"7":{"start":{"line":7,"column":2},"end":{"line":7,"column":null}},"8":{"start":{"line":8,"column":2},"end":{"line":8,"column":null}},"9":{"start":{"line":9,"column":2},"end":{"line":9,"column":null}},"10":{"start":{"line":10,"column":2},"end":{"line":10,"column":null}},"11":{"start":{"line":11,"column":2},"end":{"line":11,"column":null}},"12":{"start":{"line":12,"column":2},"end":{"line":12,"column":null}},"13":{"start":{"line":13,"column":2},"end":{"line":13,"column":null}},"14":{"start":{"line":14,"column":2},"end":{"line":14,"column":null}},"15":{"start":{"line":18,"column":2},"end":{"line":18,"column":45}}},"fnMap":{"0":{"name":"(anonymous_0)","decl":{"start":{"line":1,"column":0},"end":{"line":1,"column":12}},"loc":{"start":{"line":1,"column":18},"end":{"line":15,"column":1}}},"1":{"name":"getValueByName","decl":{"start":{"line":17,"column":16},"end":{"line":17,"column":30}},"loc":{"start":{"line":17,"column":43},"end":{"line":19,"column":1}}}},"branchMap":{"0":{"loc":{"start":{"line":1,"column":12},"end":{"line":1,"column":null}},"type":"binary-expr","locations":[{"start":{"line":1,"column":12},"end":{"line":1,"column":18}},{"start":{"line":1,"column":18},"end":{"line":1,"column":null}}]}},"s":{"0":5,"1":5,"2":5,"3":5,"4":5,"5":5,"6":5,"7":5,"8":5,"9":5,"10":5,"11":5,"12":5,"13":5,"14":5,"15":1842},"f":{"0":5,"1":1842},"b":{"0":[5,5]}}
,"C:\\Users\\Witten\\Documents\\ShittyOldMan\\Shitty-Old-Man---Game-logic\\src\\rules\\GameWinner.ts": {"path":"C:\\Users\\Witten\\Documents\\ShittyOldMan\\Shitty-Old-Man---Game-logic\\src\\rules\\GameWinner.ts","statementMap":{"0":{"start":{"line":13,"column":4},"end":{"line":17,"column":5}},"1":{"start":{"line":14,"column":6},"end":{"line":16,"column":7}},"2":{"start":{"line":15,"column":8},"end":{"line":15,"column":null}},"3":{"start":{"line":19,"column":4},"end":{"line":19,"column":null}},"4":{"start":{"line":66,"column":9},"end":{"line":66,"column":19}},"5":{"start":{"line":22,"column":14},"end":{"line":63,"column":null}},"6":{"start":{"line":23,"column":4},"end":{"line":28,"column":5}},"7":{"start":{"line":27,"column":6},"end":{"line":27,"column":null}},"8":{"start":{"line":30,"column":4},"end":{"line":30,"column":null}},"9":{"start":{"line":34,"column":22},"end":{"line":34,"column":45}},"10":{"start":{"line":35,"column":18},"end":{"line":35,"column":19}},"11":{"start":{"line":37,"column":4},"end":{"line":37,"column":null}},"12":{"start":{"line":41,"column":20},"end":{"line":41,"column":21}},"13":{"start":{"line":42,"column":18},"end":{"line":42,"column":19}},"14":{"start":{"line":43,"column":23},"end":{"line":43,"column":45}},"15":{"start":{"line":45,"column":4},"end":{"line":51,"column":5}},"16":{"start":{"line":46,"column":6},"end":{"line":50,"column":7}},"17":{"start":{"line":47,"column":8},"end":{"line":49,"column":9}},"18":{"start":{"line":48,"column":10},"end":{"line":48,"column":null}},"19":{"start":{"line":53,"column":4},"end":{"line":55,"column":5}},"20":{"start":{"line":54,"column":6},"end":{"line":54,"column":null}},"21":{"start":{"line":57,"column":4},"end":{"line":57,"column":null}},"22":{"start":{"line":61,"column":4},"end":{"line":61,"column":null}},"23":{"start":{"line":62,"column":4},"end":{"line":62,"column":null}}},"fnMap":{"0":{"name":"(anonymous_1)","decl":{"start":{"line":5,"column":0},"end":{"line":5,"column":6}},"loc":{"start":{"line":5,"column":0},"end":{"line":64,"column":1}}},"1":{"name":"(anonymous_2)","decl":{"start":{"line":11,"column":2},"end":{"line":11,"column":13}},"loc":{"start":{"line":11,"column":31},"end":{"line":20,"column":3}}},"2":{"name":"_GameWinner_checkCards","decl":{"start":{"line":22,"column":14},"end":{"line":22,"column":28}},"loc":{"start":{"line":22,"column":28},"end":{"line":31,"column":3}}},"3":{"name":"_GameWinner_handIsEmpty","decl":{"start":{"line":31,"column":3},"end":{"line":31,"column":null}},"loc":{"start":{"line":33,"column":29},"end":{"line":38,"column":3}}},"4":{"name":"_GameWinner_tableCardsIsEmpty","decl":{"start":{"line":38,"column":3},"end":{"line":38,"column":null}},"loc":{"start":{"line":40,"column":35},"end":{"line":58,"column":3}}},"5":{"name":"_GameWinner_isNull","decl":{"start":{"line":58,"column":3},"end":{"line":58,"column":null}},"loc":{"start":{"line":60,"column":27},"end":{"line":63,"column":3}}}},"branchMap":{"0":{"loc":{"start":{"line":14,"column":6},"end":{"line":16,"column":7}},"type":"if","locations":[{"start":{"line":14,"column":6},"end":{"line":16,"column":7}}]},"1":{"loc":{"start":{"line":23,"column":4},"end":{"line":28,"column":5}},"type":"if","locations":[{"start":{"line":23,"column":4},"end":{"line":28,"column":5}}]},"2":{"loc":{"start":{"line":24,"column":6},"end":{"line":25,"column":37}},"type":"binary-expr","locations":[{"start":{"line":24,"column":6},"end":{"line":24,"column":31}},{"start":{"line":25,"column":6},"end":{"line":25,"column":37}}]},"3":{"loc":{"start":{"line":47,"column":8},"end":{"line":49,"column":9}},"type":"if","locations":[{"start":{"line":47,"column":8},"end":{"line":49,"column":9}}]},"4":{"loc":{"start":{"line":53,"column":4},"end":{"line":55,"column":5}},"type":"if","locations":[{"start":{"line":53,"column":4},"end":{"line":55,"column":5}}]}},"s":{"0":3,"1":6,"2":2,"3":3,"4":1,"5":1,"6":6,"7":2,"8":4,"9":6,"10":6,"11":6,"12":3,"13":3,"14":3,"15":3,"16":6,"17":18,"18":17,"19":3,"20":2,"21":1,"22":18,"23":18},"f":{"0":3,"1":3,"2":6,"3":6,"4":3,"5":18},"b":{"0":[2],"1":[2],"2":[6,3],"3":[17],"4":[2]}}
,"C:\\Users\\Witten\\Documents\\ShittyOldMan\\Shitty-Old-Man---Game-logic\\src\\rules\\OneLayerDeck.ts": {"path":"C:\\Users\\Witten\\Documents\\ShittyOldMan\\Shitty-Old-Man---Game-logic\\src\\rules\\OneLayerDeck.ts","statementMap":{"0":{"start":{"line":10,"column":2},"end":{"line":10,"column":16}},"1":{"start":{"line":13,"column":4},"end":{"line":13,"column":null}},"2":{"start":{"line":23,"column":4},"end":{"line":23,"column":null}},"3":{"start":{"line":24,"column":4},"end":{"line":24,"column":null}},"4":{"start":{"line":26,"column":4},"end":{"line":26,"column":null}},"5":{"start":{"line":58,"column":9},"end":{"line":58,"column":21}},"6":{"start":{"line":29,"column":16},"end":{"line":55,"column":null}},"7":{"start":{"line":30,"column":4},"end":{"line":32,"column":5}},"8":{"start":{"line":30,"column":17},"end":{"line":30,"column":18}},"9":{"start":{"line":31,"column":6},"end":{"line":31,"column":null}},"10":{"start":{"line":36,"column":4},"end":{"line":40,"column":5}},"11":{"start":{"line":37,"column":19},"end":{"line":37,"column":34}},"12":{"start":{"line":38,"column":6},"end":{"line":38,"column":null}},"13":{"start":{"line":39,"column":6},"end":{"line":39,"column":null}},"14":{"start":{"line":44,"column":4},"end":{"line":46,"column":5}},"15":{"start":{"line":44,"column":17},"end":{"line":44,"column":18}},"16":{"start":{"line":45,"column":6},"end":{"line":45,"column":null}},"17":{"start":{"line":50,"column":4},"end":{"line":54,"column":5}},"18":{"start":{"line":51,"column":19},"end":{"line":51,"column":34}},"19":{"start":{"line":52,"column":6},"end":{"line":52,"column":null}},"20":{"start":{"line":53,"column":6},"end":{"line":53,"column":null}}},"fnMap":{"0":{"name":"(anonymous_2)","decl":{"start":{"line":12,"column":2},"end":{"line":12,"column":null}},"loc":{"start":{"line":12,"column":2},"end":{"line":14,"column":3}}},"1":{"name":"(anonymous_3)","decl":{"start":{"line":22,"column":2},"end":{"line":22,"column":15}},"loc":{"start":{"line":22,"column":45},"end":{"line":27,"column":3}}},"2":{"name":"_OneLayerDeck_dealOneLayer","decl":{"start":{"line":29,"column":16},"end":{"line":29,"column":26}},"loc":{"start":{"line":29,"column":62},"end":{"line":33,"column":3}}},"3":{"name":"_OneLayerDeck_dealCardToPlayerTable","decl":{"start":{"line":33,"column":3},"end":{"line":33,"column":null}},"loc":{"start":{"line":35,"column":71},"end":{"line":41,"column":3}}},"4":{"name":"_OneLayerDeck_dealHandCards","decl":{"start":{"line":41,"column":3},"end":{"line":41,"column":null}},"loc":{"start":{"line":43,"column":63},"end":{"line":47,"column":3}}},"5":{"name":"_OneLayerDeck_dealToHand","decl":{"start":{"line":47,"column":3},"end":{"line":47,"column":null}},"loc":{"start":{"line":49,"column":60},"end":{"line":55,"column":3}}}},"branchMap":{},"s":{"0":1,"1":1,"2":3,"3":3,"4":3,"5":1,"6":1,"7":6,"8":6,"9":18,"10":18,"11":36,"12":36,"13":36,"14":3,"15":3,"16":9,"17":9,"18":18,"19":18,"20":18},"f":{"0":1,"1":3,"2":6,"3":18,"4":3,"5":9},"b":{}}
}
