{"C:\\Users\\Witten\\Documents\\ShittyOldMan\\Shitty-Old-Man---Game-logic\\src\\Deck.ts": {"path":"C:\\Users\\Witten\\Documents\\ShittyOldMan\\Shitty-Old-Man---Game-logic\\src\\Deck.ts","statementMap":{"0":{"start":{"line":1,"column":0},"end":{"line":1,"column":52}},"1":{"start":{"line":2,"column":0},"end":{"line":2,"column":52}},"2":{"start":{"line":3,"column":0},"end":{"line":3,"column":46}},"3":{"start":{"line":10,"column":2},"end":{"line":10,"column":23}},"4":{"start":{"line":13,"column":4},"end":{"line":13,"column":null}},"5":{"start":{"line":15,"column":4},"end":{"line":15,"column":null}},"6":{"start":{"line":35,"column":4},"end":{"line":39,"column":5}},"7":{"start":{"line":36,"column":6},"end":{"line":36,"column":null}},"8":{"start":{"line":38,"column":6},"end":{"line":38,"column":null}},"9":{"start":{"line":48,"column":4},"end":{"line":48,"column":null}},"10":{"start":{"line":55,"column":4},"end":{"line":58,"column":5}},"11":{"start":{"line":55,"column":17},"end":{"line":55,"column":39}},"12":{"start":{"line":56,"column":26},"end":{"line":56,"column":61}},"13":{"start":{"line":57,"column":7},"end":{"line":57,"column":null}},"14":{"start":{"line":68,"column":4},"end":{"line":68,"column":null}},"15":{"start":{"line":72,"column":9},"end":{"line":72,"column":13}},"16":{"start":{"line":19,"column":4},"end":{"line":26,"column":5}},"17":{"start":{"line":20,"column":6},"end":{"line":25,"column":7}},"18":{"start":{"line":21,"column":28},"end":{"line":21,"column":55}},"19":{"start":{"line":22,"column":8},"end":{"line":22,"column":null}},"20":{"start":{"line":24,"column":8},"end":{"line":24,"column":null}}},"fnMap":{"0":{"name":"(anonymous_2)","decl":{"start":{"line":12,"column":2},"end":{"line":12,"column":null}},"loc":{"start":{"line":12,"column":2},"end":{"line":16,"column":3}}},"1":{"name":"(anonymous_3)","decl":{"start":{"line":34,"column":2},"end":{"line":34,"column":10}},"loc":{"start":{"line":34,"column":10},"end":{"line":40,"column":3}}},"2":{"name":"(anonymous_4)","decl":{"start":{"line":47,"column":2},"end":{"line":47,"column":6}},"loc":{"start":{"line":47,"column":15},"end":{"line":49,"column":3}}},"3":{"name":"(anonymous_5)","decl":{"start":{"line":54,"column":2},"end":{"line":54,"column":9}},"loc":{"start":{"line":54,"column":9},"end":{"line":60,"column":3}}},"4":{"name":"(anonymous_6)","decl":{"start":{"line":67,"column":2},"end":{"line":67,"column":5}},"loc":{"start":{"line":67,"column":23},"end":{"line":69,"column":3}}}},"branchMap":{"0":{"loc":{"start":{"line":35,"column":4},"end":{"line":39,"column":5}},"type":"if","locations":[{"start":{"line":35,"column":4},"end":{"line":39,"column":5}},{"start":{"line":37,"column":11},"end":{"line":39,"column":5}}]}},"s":{"0":2,"1":2,"2":2,"3":20,"4":20,"5":20,"6":429,"7":1,"8":428,"9":493,"10":5,"11":5,"12":204,"13":204,"14":260,"15":2,"16":20,"17":80,"18":1040,"19":1040,"20":1040},"f":{"0":20,"1":429,"2":493,"3":5,"4":260},"b":{"0":[1,428]}}
,"C:\\Users\\Witten\\Documents\\ShittyOldMan\\Shitty-Old-Man---Game-logic\\src\\Player.ts": {"path":"C:\\Users\\Witten\\Documents\\ShittyOldMan\\Shitty-Old-Man---Game-logic\\src\\Player.ts","statementMap":{"0":{"start":{"line":4,"column":2},"end":{"line":4,"column":15}},"1":{"start":{"line":5,"column":2},"end":{"line":5,"column":22}},"2":{"start":{"line":6,"column":2},"end":{"line":6,"column":30}},"3":{"start":{"line":7,"column":2},"end":{"line":7,"column":34}},"4":{"start":{"line":10,"column":4},"end":{"line":10,"column":null}},"5":{"start":{"line":11,"column":4},"end":{"line":11,"column":null}},"6":{"start":{"line":12,"column":4},"end":{"line":15,"column":null}},"7":{"start":{"line":16,"column":4},"end":{"line":19,"column":null}},"8":{"start":{"line":36,"column":4},"end":{"line":36,"column":null}},"9":{"start":{"line":40,"column":4},"end":{"line":40,"column":null}},"10":{"start":{"line":42,"column":4},"end":{"line":42,"column":null}},"11":{"start":{"line":50,"column":18},"end":{"line":50,"column":116}},"12":{"start":{"line":50,"column":53},"end":{"line":50,"column":115}},"13":{"start":{"line":51,"column":4},"end":{"line":53,"column":5}},"14":{"start":{"line":52,"column":6},"end":{"line":52,"column":34}},"15":{"start":{"line":55,"column":4},"end":{"line":60,"column":5}},"16":{"start":{"line":56,"column":6},"end":{"line":59,"column":null}},"17":{"start":{"line":64,"column":4},"end":{"line":64,"column":null}},"18":{"start":{"line":68,"column":19},"end":{"line":68,"column":20}},"19":{"start":{"line":69,"column":22},"end":{"line":69,"column":23}},"20":{"start":{"line":71,"column":4},"end":{"line":78,"column":5}},"21":{"start":{"line":71,"column":17},"end":{"line":71,"column":18}},"22":{"start":{"line":72,"column":6},"end":{"line":77,"column":7}},"23":{"start":{"line":72,"column":19},"end":{"line":72,"column":20}},"24":{"start":{"line":73,"column":8},"end":{"line":76,"column":9}},"25":{"start":{"line":74,"column":10},"end":{"line":74,"column":null}},"26":{"start":{"line":75,"column":10},"end":{"line":75,"column":16}},"27":{"start":{"line":82,"column":19},"end":{"line":82,"column":20}},"28":{"start":{"line":83,"column":22},"end":{"line":83,"column":23}},"29":{"start":{"line":85,"column":4},"end":{"line":96,"column":5}},"30":{"start":{"line":85,"column":17},"end":{"line":85,"column":18}},"31":{"start":{"line":86,"column":6},"end":{"line":95,"column":7}},"32":{"start":{"line":86,"column":19},"end":{"line":86,"column":20}},"33":{"start":{"line":87,"column":8},"end":{"line":94,"column":9}},"34":{"start":{"line":88,"column":10},"end":{"line":93,"column":11}},"35":{"start":{"line":89,"column":26},"end":{"line":89,"column":124}},"36":{"start":{"line":89,"column":61},"end":{"line":89,"column":123}},"37":{"start":{"line":90,"column":12},"end":{"line":92,"column":13}},"38":{"start":{"line":91,"column":14},"end":{"line":91,"column":42}},"39":{"start":{"line":100,"column":4},"end":{"line":100,"column":null}},"40":{"start":{"line":105,"column":9},"end":{"line":105,"column":15}},"41":{"start":{"line":22,"column":11},"end":{"line":47,"column":null}},"42":{"start":{"line":23,"column":4},"end":{"line":25,"column":5}},"43":{"start":{"line":24,"column":6},"end":{"line":24,"column":null}},"44":{"start":{"line":27,"column":4},"end":{"line":27,"column":null}},"45":{"start":{"line":31,"column":22},"end":{"line":31,"column":39}},"46":{"start":{"line":32,"column":4},"end":{"line":32,"column":null}},"47":{"start":{"line":46,"column":4},"end":{"line":46,"column":null}},"48":{"start":{"line":46,"column":30},"end":{"line":46,"column":55}}},"fnMap":{"0":{"name":"(anonymous_2)","decl":{"start":{"line":9,"column":2},"end":{"line":9,"column":14}},"loc":{"start":{"line":9,"column":26},"end":{"line":20,"column":3}}},"1":{"name":"(anonymous_3)","decl":{"start":{"line":35,"column":2},"end":{"line":35,"column":6}},"loc":{"start":{"line":35,"column":10},"end":{"line":37,"column":3}}},"2":{"name":"(anonymous_4)","decl":{"start":{"line":39,"column":2},"end":{"line":39,"column":11}},"loc":{"start":{"line":39,"column":29},"end":{"line":43,"column":3}}},"3":{"name":"(anonymous_5)","decl":{"start":{"line":49,"column":2},"end":{"line":49,"column":16}},"loc":{"start":{"line":49,"column":34},"end":{"line":61,"column":3}}},"4":{"name":"(anonymous_6)","decl":{"start":{"line":50,"column":39},"end":{"line":50,"column":49}},"loc":{"start":{"line":50,"column":53},"end":{"line":50,"column":115}}},"5":{"name":"(anonymous_7)","decl":{"start":{"line":63,"column":2},"end":{"line":63,"column":9}},"loc":{"start":{"line":63,"column":9},"end":{"line":65,"column":3}}},"6":{"name":"(anonymous_8)","decl":{"start":{"line":67,"column":2},"end":{"line":67,"column":15}},"loc":{"start":{"line":67,"column":33},"end":{"line":79,"column":3}}},"7":{"name":"(anonymous_9)","decl":{"start":{"line":81,"column":2},"end":{"line":81,"column":17}},"loc":{"start":{"line":81,"column":35},"end":{"line":97,"column":3}}},"8":{"name":"(anonymous_10)","decl":{"start":{"line":89,"column":47},"end":{"line":89,"column":57}},"loc":{"start":{"line":89,"column":61},"end":{"line":89,"column":123}}},"9":{"name":"(anonymous_11)","decl":{"start":{"line":99,"column":2},"end":{"line":99,"column":15}},"loc":{"start":{"line":99,"column":15},"end":{"line":101,"column":3}}},"10":{"name":"_Player_setName","decl":{"start":{"line":22,"column":11},"end":{"line":22,"column":23}},"loc":{"start":{"line":22,"column":23},"end":{"line":28,"column":3}}},"11":{"name":"_Player_isValidName","decl":{"start":{"line":28,"column":3},"end":{"line":28,"column":null}},"loc":{"start":{"line":30,"column":27},"end":{"line":33,"column":3}}},"12":{"name":"_Player_sortHand","decl":{"start":{"line":33,"column":3},"end":{"line":33,"column":null}},"loc":{"start":{"line":33,"column":3},"end":{"line":47,"column":3}}},"13":{"name":"(anonymous_15)","decl":{"start":{"line":46,"column":20},"end":{"line":46,"column":21}},"loc":{"start":{"line":46,"column":30},"end":{"line":46,"column":55}}}},"branchMap":{"0":{"loc":{"start":{"line":50,"column":53},"end":{"line":50,"column":115}},"type":"binary-expr","locations":[{"start":{"line":50,"column":53},"end":{"line":50,"column":82}},{"start":{"line":50,"column":86},"end":{"line":50,"column":115}}]},"1":{"loc":{"start":{"line":51,"column":4},"end":{"line":53,"column":5}},"type":"if","locations":[{"start":{"line":51,"column":4},"end":{"line":53,"column":5}}]},"2":{"loc":{"start":{"line":55,"column":4},"end":{"line":60,"column":5}},"type":"if","locations":[{"start":{"line":55,"column":4},"end":{"line":60,"column":5}}]},"3":{"loc":{"start":{"line":73,"column":8},"end":{"line":76,"column":9}},"type":"if","locations":[{"start":{"line":73,"column":8},"end":{"line":76,"column":9}}]},"4":{"loc":{"start":{"line":87,"column":8},"end":{"line":94,"column":9}},"type":"if","locations":[{"start":{"line":87,"column":8},"end":{"line":94,"column":9}}]},"5":{"loc":{"start":{"line":88,"column":10},"end":{"line":93,"column":11}},"type":"if","locations":[{"start":{"line":88,"column":10},"end":{"line":93,"column":11}}]},"6":{"loc":{"start":{"line":89,"column":61},"end":{"line":89,"column":123}},"type":"binary-expr","locations":[{"start":{"line":89,"column":61},"end":{"line":89,"column":90}},{"start":{"line":89,"column":94},"end":{"line":89,"column":123}}]},"7":{"loc":{"start":{"line":90,"column":12},"end":{"line":92,"column":13}},"type":"if","locations":[{"start":{"line":90,"column":12},"end":{"line":92,"column":13}}]},"8":{"loc":{"start":{"line":23,"column":4},"end":{"line":25,"column":5}},"type":"if","locations":[{"start":{"line":23,"column":4},"end":{"line":25,"column":5}}]},"9":{"loc":{"start":{"line":32,"column":11},"end":{"line":32,"column":50}},"type":"binary-expr","locations":[{"start":{"line":32,"column":11},"end":{"line":32,"column":26}},{"start":{"line":32,"column":30},"end":{"line":32,"column":50}}]}},"s":{"0":13,"1":13,"2":13,"3":13,"4":13,"5":12,"6":12,"7":12,"8":1,"9":6,"10":6,"11":1,"12":1,"13":1,"14":1,"15":1,"16":0,"17":3,"18":15,"19":15,"20":15,"21":15,"22":19,"23":19,"24":39,"25":14,"26":14,"27":2,"28":2,"29":2,"30":2,"31":4,"32":4,"33":12,"34":1,"35":0,"36":0,"37":0,"38":0,"39":5,"40":1,"41":1,"42":13,"43":1,"44":12,"45":13,"46":13,"47":6,"48":8},"f":{"0":13,"1":1,"2":6,"3":1,"4":1,"5":3,"6":15,"7":2,"8":0,"9":5,"10":13,"11":13,"12":6,"13":8},"b":{"0":[1,1],"1":[1],"2":[0],"3":[14],"4":[1],"5":[0],"6":[0,0],"7":[0],"8":[1],"9":[13,13]}}
,"C:\\Users\\Witten\\Documents\\ShittyOldMan\\Shitty-Old-Man---Game-logic\\src\\PlayingCard.ts": {"path":"C:\\Users\\Witten\\Documents\\ShittyOldMan\\Shitty-Old-Man---Game-logic\\src\\PlayingCard.ts","statementMap":{"0":{"start":{"line":3,"column":0},"end":{"line":3,"column":71}},"1":{"start":{"line":10,"column":2},"end":{"line":10,"column":14}},"2":{"start":{"line":11,"column":2},"end":{"line":11,"column":14}},"3":{"start":{"line":12,"column":2},"end":{"line":12,"column":16}},"4":{"start":{"line":13,"column":2},"end":{"line":13,"column":20}},"5":{"start":{"line":16,"column":4},"end":{"line":16,"column":null}},"6":{"start":{"line":17,"column":4},"end":{"line":17,"column":null}},"7":{"start":{"line":18,"column":4},"end":{"line":18,"column":null}},"8":{"start":{"line":19,"column":4},"end":{"line":19,"column":null}},"9":{"start":{"line":40,"column":4},"end":{"line":42,"column":5}},"10":{"start":{"line":41,"column":6},"end":{"line":41,"column":null}},"11":{"start":{"line":44,"column":4},"end":{"line":44,"column":null}},"12":{"start":{"line":53,"column":4},"end":{"line":55,"column":5}},"13":{"start":{"line":54,"column":6},"end":{"line":54,"column":null}},"14":{"start":{"line":57,"column":4},"end":{"line":57,"column":null}},"15":{"start":{"line":66,"column":4},"end":{"line":68,"column":5}},"16":{"start":{"line":67,"column":6},"end":{"line":67,"column":null}},"17":{"start":{"line":70,"column":4},"end":{"line":70,"column":null}},"18":{"start":{"line":77,"column":4},"end":{"line":77,"column":null}},"19":{"start":{"line":81,"column":9},"end":{"line":81,"column":20}},"20":{"start":{"line":22,"column":11},"end":{"line":32,"column":null}},"21":{"start":{"line":23,"column":4},"end":{"line":23,"column":null}},"22":{"start":{"line":27,"column":4},"end":{"line":27,"column":null}},"23":{"start":{"line":31,"column":4},"end":{"line":31,"column":null}}},"fnMap":{"0":{"name":"(anonymous_2)","decl":{"start":{"line":15,"column":2},"end":{"line":15,"column":14}},"loc":{"start":{"line":15,"column":38},"end":{"line":20,"column":3}}},"1":{"name":"(anonymous_3)","decl":{"start":{"line":39,"column":2},"end":{"line":39,"column":6}},"loc":{"start":{"line":39,"column":10},"end":{"line":45,"column":3}}},"2":{"name":"(anonymous_4)","decl":{"start":{"line":52,"column":2},"end":{"line":52,"column":6}},"loc":{"start":{"line":52,"column":10},"end":{"line":58,"column":3}}},"3":{"name":"(anonymous_5)","decl":{"start":{"line":65,"column":2},"end":{"line":65,"column":9}},"loc":{"start":{"line":65,"column":9},"end":{"line":71,"column":3}}},"4":{"name":"(anonymous_6)","decl":{"start":{"line":76,"column":2},"end":{"line":76,"column":6}},"loc":{"start":{"line":76,"column":22},"end":{"line":78,"column":3}}},"5":{"name":"_PlayingCard_setRank","decl":{"start":{"line":22,"column":11},"end":{"line":22,"column":15}},"loc":{"start":{"line":22,"column":15},"end":{"line":24,"column":3}}},"6":{"name":"_PlayingCard_setSuit","decl":{"start":{"line":24,"column":3},"end":{"line":24,"column":null}},"loc":{"start":{"line":26,"column":15},"end":{"line":28,"column":3}}},"7":{"name":"_PlayingCard_setValue","decl":{"start":{"line":28,"column":3},"end":{"line":28,"column":null}},"loc":{"start":{"line":28,"column":3},"end":{"line":32,"column":3}}}},"branchMap":{"0":{"loc":{"start":{"line":40,"column":4},"end":{"line":42,"column":5}},"type":"if","locations":[{"start":{"line":40,"column":4},"end":{"line":42,"column":5}}]},"1":{"loc":{"start":{"line":53,"column":4},"end":{"line":55,"column":5}},"type":"if","locations":[{"start":{"line":53,"column":4},"end":{"line":55,"column":5}}]},"2":{"loc":{"start":{"line":66,"column":4},"end":{"line":68,"column":5}},"type":"if","locations":[{"start":{"line":66,"column":4},"end":{"line":68,"column":5}}]}},"s":{"0":3,"1":1229,"2":1229,"3":1229,"4":1229,"5":1229,"6":1229,"7":1229,"8":1229,"9":139,"10":3,"11":136,"12":81,"13":3,"14":78,"15":85,"16":8,"17":77,"18":1320,"19":3,"20":3,"21":1229,"22":1229,"23":1229},"f":{"0":1229,"1":139,"2":81,"3":85,"4":1320,"5":1229,"6":1229,"7":1229},"b":{"0":[3],"1":[3],"2":[8]}}
,"C:\\Users\\Witten\\Documents\\ShittyOldMan\\Shitty-Old-Man---Game-logic\\src\\enums\\playingcard\\RANKS.ts": {"path":"C:\\Users\\Witten\\Documents\\ShittyOldMan\\Shitty-Old-Man---Game-logic\\src\\enums\\playingcard\\RANKS.ts","statementMap":{"0":{"start":{"line":1,"column":0},"end":{"line":1,"column":null}},"1":{"start":{"line":2,"column":2},"end":{"line":2,"column":null}},"2":{"start":{"line":3,"column":2},"end":{"line":3,"column":null}},"3":{"start":{"line":4,"column":2},"end":{"line":4,"column":null}},"4":{"start":{"line":5,"column":2},"end":{"line":5,"column":null}},"5":{"start":{"line":6,"column":2},"end":{"line":6,"column":null}},"6":{"start":{"line":7,"column":2},"end":{"line":7,"column":null}},"7":{"start":{"line":8,"column":2},"end":{"line":8,"column":null}},"8":{"start":{"line":9,"column":2},"end":{"line":9,"column":null}},"9":{"start":{"line":10,"column":2},"end":{"line":10,"column":null}},"10":{"start":{"line":11,"column":2},"end":{"line":11,"column":null}},"11":{"start":{"line":12,"column":2},"end":{"line":12,"column":null}},"12":{"start":{"line":13,"column":2},"end":{"line":13,"column":null}},"13":{"start":{"line":14,"column":2},"end":{"line":14,"column":null}}},"fnMap":{"0":{"name":"(anonymous_0)","decl":{"start":{"line":1,"column":0},"end":{"line":1,"column":12}},"loc":{"start":{"line":1,"column":17},"end":{"line":15,"column":1}}}},"branchMap":{"0":{"loc":{"start":{"line":1,"column":12},"end":{"line":1,"column":null}},"type":"binary-expr","locations":[{"start":{"line":1,"column":12},"end":{"line":1,"column":17}},{"start":{"line":1,"column":17},"end":{"line":1,"column":null}}]}},"s":{"0":3,"1":3,"2":3,"3":3,"4":3,"5":3,"6":3,"7":3,"8":3,"9":3,"10":3,"11":3,"12":3,"13":3},"f":{"0":3},"b":{"0":[3,3]}}
,"C:\\Users\\Witten\\Documents\\ShittyOldMan\\Shitty-Old-Man---Game-logic\\src\\enums\\playingcard\\SUITS.ts": {"path":"C:\\Users\\Witten\\Documents\\ShittyOldMan\\Shitty-Old-Man---Game-logic\\src\\enums\\playingcard\\SUITS.ts","statementMap":{"0":{"start":{"line":1,"column":0},"end":{"line":1,"column":null}},"1":{"start":{"line":2,"column":2},"end":{"line":2,"column":null}},"2":{"start":{"line":3,"column":2},"end":{"line":3,"column":null}},"3":{"start":{"line":4,"column":2},"end":{"line":4,"column":null}},"4":{"start":{"line":5,"column":2},"end":{"line":5,"column":null}}},"fnMap":{"0":{"name":"(anonymous_0)","decl":{"start":{"line":1,"column":0},"end":{"line":1,"column":12}},"loc":{"start":{"line":1,"column":17},"end":{"line":6,"column":1}}}},"branchMap":{"0":{"loc":{"start":{"line":1,"column":12},"end":{"line":1,"column":null}},"type":"binary-expr","locations":[{"start":{"line":1,"column":12},"end":{"line":1,"column":17}},{"start":{"line":1,"column":17},"end":{"line":1,"column":null}}]}},"s":{"0":3,"1":3,"2":3,"3":3,"4":3},"f":{"0":3},"b":{"0":[3,3]}}
,"C:\\Users\\Witten\\Documents\\ShittyOldMan\\Shitty-Old-Man---Game-logic\\src\\enums\\playingcard\\VALUES.ts": {"path":"C:\\Users\\Witten\\Documents\\ShittyOldMan\\Shitty-Old-Man---Game-logic\\src\\enums\\playingcard\\VALUES.ts","statementMap":{"0":{"start":{"line":17,"column":0},"end":{"line":17,"column":16}},"1":{"start":{"line":1,"column":0},"end":{"line":1,"column":null}},"2":{"start":{"line":2,"column":2},"end":{"line":2,"column":null}},"3":{"start":{"line":3,"column":2},"end":{"line":3,"column":null}},"4":{"start":{"line":4,"column":2},"end":{"line":4,"column":null}},"5":{"start":{"line":5,"column":2},"end":{"line":5,"column":null}},"6":{"start":{"line":6,"column":2},"end":{"line":6,"column":null}},"7":{"start":{"line":7,"column":2},"end":{"line":7,"column":null}},"8":{"start":{"line":8,"column":2},"end":{"line":8,"column":null}},"9":{"start":{"line":9,"column":2},"end":{"line":9,"column":null}},"10":{"start":{"line":10,"column":2},"end":{"line":10,"column":null}},"11":{"start":{"line":11,"column":2},"end":{"line":11,"column":null}},"12":{"start":{"line":12,"column":2},"end":{"line":12,"column":null}},"13":{"start":{"line":13,"column":2},"end":{"line":13,"column":null}},"14":{"start":{"line":14,"column":2},"end":{"line":14,"column":null}},"15":{"start":{"line":18,"column":2},"end":{"line":18,"column":45}}},"fnMap":{"0":{"name":"(anonymous_0)","decl":{"start":{"line":1,"column":0},"end":{"line":1,"column":12}},"loc":{"start":{"line":1,"column":18},"end":{"line":15,"column":1}}},"1":{"name":"getValueByName","decl":{"start":{"line":17,"column":16},"end":{"line":17,"column":30}},"loc":{"start":{"line":17,"column":43},"end":{"line":19,"column":1}}}},"branchMap":{"0":{"loc":{"start":{"line":1,"column":12},"end":{"line":1,"column":null}},"type":"binary-expr","locations":[{"start":{"line":1,"column":12},"end":{"line":1,"column":18}},{"start":{"line":1,"column":18},"end":{"line":1,"column":null}}]}},"s":{"0":3,"1":3,"2":3,"3":3,"4":3,"5":3,"6":3,"7":3,"8":3,"9":3,"10":3,"11":3,"12":3,"13":3,"14":3,"15":1296},"f":{"0":3,"1":1296},"b":{"0":[3,3]}}
}
