TN:
SF:src\model\Deck.ts
FN:12,(anonymous_2)
FN:34,(anonymous_3)
FN:47,(anonymous_4)
FN:54,(anonymous_5)
FN:67,(anonymous_6)
FNF:5
FNH:5
FNDA:34,(anonymous_2)
FNDA:566,(anonymous_3)
FNDA:630,(anonymous_4)
FNDA:12,(anonymous_5)
FNDA:260,(anonymous_6)
DA:1,4
DA:2,4
DA:3,4
DA:10,34
DA:13,34
DA:15,34
DA:19,34
DA:20,136
DA:21,1768
DA:22,1768
DA:24,1768
DA:35,566
DA:36,1
DA:38,565
DA:48,630
DA:55,12
DA:56,561
DA:57,561
DA:68,260
DA:72,4
LF:20
LH:20
BRDA:35,0,0,1
BRDA:35,0,1,565
BRF:2
BRH:2
end_of_record
TN:
SF:src\model\Game.ts
FN:13,(anonymous_2)
FN:28,(anonymous_3)
FN:46,(anonymous_4)
FN:62,(anonymous_5)
FN:66,(anonymous_6)
FN:67,(anonymous_7)
FN:26,_Game_dealOutStartDeck
FN:36,_Game_playRound
FN:44,_Game_getStartDeckSettings
FNF:9
FNH:8
FNDA:4,(anonymous_2)
FNDA:2,(anonymous_3)
FNDA:8,(anonymous_4)
FNDA:5,(anonymous_5)
FNDA:1,(anonymous_6)
FNDA:2,(anonymous_7)
FNDA:2,_Game_dealOutStartDeck
FNDA:0,_Game_playRound
FNDA:8,_Game_getStartDeckSettings
DA:1,1
DA:2,1
DA:4,1
DA:7,4
DA:8,4
DA:9,4
DA:10,4
DA:11,4
DA:14,4
DA:15,4
DA:16,4
DA:18,4
DA:19,4
DA:23,4
DA:25,4
DA:29,2
DA:33,2
DA:35,2
DA:39,0
DA:41,0
DA:47,8
DA:49,8
DA:51,8
DA:53,8
DA:57,8
DA:59,8
DA:63,5
DA:67,2
DA:71,1
LF:29
LH:27
BRF:0
BRH:0
end_of_record
TN:
SF:src\model\Player.ts
FN:12,(anonymous_2)
FN:25,(anonymous_3)
FN:34,(anonymous_4)
FN:35,(anonymous_5)
FN:43,(anonymous_6)
FN:67,(anonymous_7)
FN:76,(anonymous_8)
FN:92,(anonymous_9)
FN:156,(anonymous_10)
FN:160,(anonymous_11)
FN:182,(anonymous_12)
FN:191,(anonymous_13)
FN:213,(anonymous_14)
FN:49,_Player_setName
FN:55,_Player_isValidName
FN:60,_Player_sortHand
FN:89,(anonymous_18)
FN:90,_Player_removeFromHand
FN:108,(anonymous_20)
FN:121,_Player_isHandEmpty
FN:129,_Player_changeAvailability
FN:139,(anonymous_23)
FN:149,_Player_initzalizeTableCardsArray
FN:175,_Player_removeFromTable
FN:235,_Player_everyCardIsNull
FN:238,(anonymous_27)
FNF:26
FNH:26
FNDA:56,(anonymous_2)
FNDA:7,(anonymous_3)
FNDA:1,(anonymous_4)
FNDA:2,(anonymous_5)
FNDA:184,(anonymous_6)
FNDA:2,(anonymous_7)
FNDA:45,(anonymous_8)
FNDA:8,(anonymous_9)
FNDA:14,(anonymous_10)
FNDA:50,(anonymous_11)
FNDA:5,(anonymous_12)
FNDA:139,(anonymous_13)
FNDA:12,(anonymous_14)
FNDA:56,_Player_setName
FNDA:56,_Player_isValidName
FNDA:45,_Player_sortHand
FNDA:46,(anonymous_18)
FNDA:4,_Player_removeFromHand
FNDA:6,(anonymous_20)
FNDA:3,_Player_isHandEmpty
FNDA:24,_Player_changeAvailability
FNDA:32,(anonymous_23)
FNDA:50,_Player_initzalizeTableCardsArray
FNDA:4,_Player_removeFromTable
FNDA:8,_Player_everyCardIsNull
FNDA:13,(anonymous_27)
DA:6,56
DA:7,56
DA:8,56
DA:9,56
DA:13,56
DA:14,55
DA:15,55
DA:16,55
DA:17,55
DA:26,7
DA:35,2
DA:44,184
DA:45,2
DA:49,5
DA:50,56
DA:51,1
DA:54,55
DA:58,56
DA:59,56
DA:68,2
DA:77,45
DA:79,45
DA:81,45
DA:83,45
DA:84,21
DA:89,46
DA:93,8
DA:94,4
DA:96,4
DA:106,4
DA:108,4
DA:109,6
DA:110,6
DA:111,3
DA:113,6
DA:116,4
DA:117,1
DA:120,3
DA:124,3
DA:126,3
DA:127,2
DA:132,24
DA:135,24
DA:136,24
DA:139,32
DA:140,4
DA:144,24
DA:145,72
DA:146,72
DA:157,14
DA:161,50
DA:163,50
DA:167,50
DA:168,100
DA:171,100
DA:172,300
DA:183,5
DA:192,139
DA:193,139
DA:197,139
DA:198,208
DA:199,484
DA:200,139
DA:201,139
DA:202,139
DA:214,12
DA:224,4
DA:225,8
DA:226,24
DA:227,4
DA:228,3
DA:233,8
DA:238,13
DA:239,1
DA:244,5
LF:75
LH:75
BRDA:83,0,0,21
BRDA:93,1,0,4
BRDA:93,1,1,4
BRDA:199,2,0,139
BRDA:50,3,0,1
BRDA:59,4,0,56
BRDA:59,4,1,56
BRDA:109,5,0,6
BRDA:109,5,1,3
BRDA:110,6,0,3
BRDA:116,7,0,1
BRDA:126,8,0,2
BRDA:139,9,0,4
BRDA:145,10,0,72
BRDA:226,11,0,4
BRDA:227,12,0,3
BRDA:238,13,0,1
BRF:17
BRH:17
end_of_record
TN:
SF:src\model\PlayingCard.ts
FN:16,(anonymous_2)
FN:40,(anonymous_3)
FN:53,(anonymous_4)
FN:66,(anonymous_5)
FN:77,(anonymous_6)
FN:23,_PlayingCard_setRank
FN:25,_PlayingCard_setSuit
FN:29,_PlayingCard_setValue
FNF:8
FNH:8
FNDA:2007,(anonymous_2)
FNDA:220,(anonymous_3)
FNDA:98,(anonymous_4)
FNDA:193,(anonymous_5)
FNDA:2166,(anonymous_6)
FNDA:2007,_PlayingCard_setRank
FNDA:2007,_PlayingCard_setSuit
FNDA:2007,_PlayingCard_setValue
DA:1,7
DA:4,7
DA:11,2007
DA:12,2007
DA:13,2007
DA:14,2007
DA:17,2007
DA:18,2007
DA:19,2007
DA:20,2007
DA:23,7
DA:24,2007
DA:28,2007
DA:32,2007
DA:41,220
DA:42,24
DA:45,196
DA:54,98
DA:55,11
DA:58,87
DA:67,193
DA:68,14
DA:71,179
DA:78,2166
DA:82,7
LF:25
LH:25
BRDA:41,0,0,24
BRDA:54,1,0,11
BRDA:67,2,0,14
BRF:3
BRH:3
end_of_record
TN:
SF:src\model\enums\Rules\MOVE.ts
FN:1,(anonymous_0)
FNF:1
FNH:1
FNDA:3,(anonymous_0)
DA:1,3
DA:2,3
DA:3,3
DA:4,3
DA:5,3
LF:5
LH:5
BRDA:1,0,0,3
BRDA:1,0,1,3
BRF:2
BRH:2
end_of_record
TN:
SF:src\model\enums\playingcard\HIDDEN.ts
FN:1,(anonymous_0)
FNF:1
FNH:1
FNDA:7,(anonymous_0)
DA:1,7
DA:2,7
LF:2
LH:2
BRDA:1,0,0,7
BRDA:1,0,1,7
BRF:2
BRH:2
end_of_record
TN:
SF:src\model\enums\playingcard\RANKS.ts
FN:1,(anonymous_0)
FNF:1
FNH:1
FNDA:8,(anonymous_0)
DA:1,8
DA:2,8
DA:3,8
DA:4,8
DA:5,8
DA:6,8
DA:7,8
DA:8,8
DA:9,8
DA:10,8
DA:11,8
DA:12,8
DA:13,8
DA:14,8
LF:14
LH:14
BRDA:1,0,0,8
BRDA:1,0,1,8
BRF:2
BRH:2
end_of_record
TN:
SF:src\model\enums\playingcard\SUITS.ts
FN:1,(anonymous_0)
FNF:1
FNH:1
FNDA:7,(anonymous_0)
DA:1,7
DA:2,7
DA:3,7
DA:4,7
DA:5,7
LF:5
LH:5
BRDA:1,0,0,7
BRDA:1,0,1,7
BRF:2
BRH:2
end_of_record
TN:
SF:src\model\enums\playingcard\VALUES.ts
FN:1,(anonymous_0)
FN:17,getValueByName
FNF:2
FNH:2
FNDA:7,(anonymous_0)
FNDA:2074,getValueByName
DA:1,7
DA:2,7
DA:3,7
DA:4,7
DA:5,7
DA:6,7
DA:7,7
DA:8,7
DA:9,7
DA:10,7
DA:11,7
DA:12,7
DA:13,7
DA:14,7
DA:17,7
DA:18,2074
LF:16
LH:16
BRDA:1,0,0,7
BRDA:1,0,1,7
BRF:2
BRH:2
end_of_record
TN:
SF:src\model\rules\GameWinner.ts
FN:9,(anonymous_1)
FN:15,(anonymous_2)
FN:26,_GameWinner_checkCards
FN:35,_GameWinner_handIsEmpty
FN:42,_GameWinner_tableCardsIsEmpty
FN:62,_GameWinner_isNull
FNF:6
FNH:6
FNDA:4,(anonymous_1)
FNDA:3,(anonymous_2)
FNDA:6,_GameWinner_checkCards
FNDA:6,_GameWinner_handIsEmpty
FNDA:3,_GameWinner_tableCardsIsEmpty
FNDA:18,_GameWinner_isNull
DA:17,3
DA:18,6
DA:19,2
DA:23,3
DA:26,3
DA:27,6
DA:31,2
DA:34,4
DA:38,6
DA:39,6
DA:41,6
DA:45,3
DA:46,3
DA:47,3
DA:49,3
DA:50,6
DA:51,18
DA:52,17
DA:57,3
DA:58,2
DA:61,1
DA:65,18
DA:69,3
LF:23
LH:23
BRDA:18,0,0,2
BRDA:27,1,0,2
BRDA:28,2,0,6
BRDA:28,2,1,3
BRDA:51,3,0,17
BRDA:57,4,0,2
BRF:6
BRH:6
end_of_record
TN:
SF:src\model\rules\OneLayerDeck.ts
FN:12,(anonymous_2)
FN:21,(anonymous_3)
FN:34,(anonymous_4)
FN:41,_OneLayerDeck_dealOneLayer
FN:45,_OneLayerDeck_dealCardToPlayerTable
FN:53,_OneLayerDeck_dealHandCards
FN:59,_OneLayerDeck_dealToHand
FNF:7
FNH:7
FNDA:12,(anonymous_2)
FNDA:8,(anonymous_3)
FNDA:5,(anonymous_4)
FNDA:10,_OneLayerDeck_dealOneLayer
FNDA:30,_OneLayerDeck_dealCardToPlayerTable
FNDA:5,_OneLayerDeck_dealHandCards
FNDA:15,_OneLayerDeck_dealToHand
DA:10,12
DA:13,12
DA:22,8
DA:35,5
DA:36,5
DA:38,5
DA:41,3
DA:42,10
DA:43,30
DA:48,30
DA:49,60
DA:50,60
DA:51,60
DA:56,5
DA:57,15
DA:62,15
DA:63,30
DA:64,30
DA:65,30
DA:70,3
LF:20
LH:20
BRF:0
BRH:0
end_of_record
TN:
SF:src\model\rules\OrginalGameRules.ts
FN:10,(anonymous_1)
FN:17,(anonymous_2)
FN:41,_OrginalGameRules_isAllCardsSame
FN:44,(anonymous_4)
FN:47,_OrginalGameRules_findLastCard
FN:53,_OrginalGameRules_fourCardsToTurn
FN:72,_OrginalGameRules_isValidMove
FN:76,_OrginalGameRules_isTEN
FN:80,_OrginalGameRules_isFourCards
FNF:9
FNH:9
FNDA:9,(anonymous_1)
FNDA:8,(anonymous_2)
FNDA:10,_OrginalGameRules_isAllCardsSame
FNDA:24,(anonymous_4)
FNDA:8,_OrginalGameRules_findLastCard
FNDA:7,_OrginalGameRules_fourCardsToTurn
FNDA:10,_OrginalGameRules_isValidMove
FNDA:6,_OrginalGameRules_isTEN
FNDA:7,_OrginalGameRules_isFourCards
DA:1,3
DA:3,3
DA:18,8
DA:20,8
DA:21,1
DA:24,7
DA:25,1
DA:28,6
DA:29,6
DA:30,1
DA:33,5
DA:34,3
DA:37,2
DA:41,3
DA:42,10
DA:44,24
DA:46,10
DA:50,8
DA:52,8
DA:56,7
DA:57,2
DA:59,2
DA:60,5
DA:62,5
DA:63,4
DA:65,1
DA:66,1
DA:70,2
DA:75,10
DA:79,6
DA:83,7
DA:87,3
LF:32
LH:32
BRDA:20,0,0,1
BRDA:24,1,0,1
BRDA:29,2,0,1
BRDA:33,3,0,3
BRDA:56,4,0,2
BRDA:56,5,0,7
BRDA:56,5,1,2
BRDA:62,6,0,4
BRDA:62,6,1,1
BRF:9
BRH:9
end_of_record
TN:
SF:src\model\rules\RulesFactory.ts
FN:14,(anonymous_0)
FN:23,(anonymous_1)
FN:32,(anonymous_2)
FNF:3
FNH:3
FNDA:11,(anonymous_0)
FNDA:1,(anonymous_1)
FNDA:1,(anonymous_2)
DA:1,2
DA:5,2
DA:6,2
DA:15,11
DA:24,1
DA:33,1
DA:37,2
LF:7
LH:7
BRF:0
BRH:0
end_of_record
