TN:
SF:src\Deck.ts
FN:12,(anonymous_2)
FN:34,(anonymous_3)
FN:47,(anonymous_4)
FN:54,(anonymous_5)
FN:67,(anonymous_6)
FNF:5
FNH:5
FNDA:27,(anonymous_2)
FNDA:476,(anonymous_3)
FNDA:540,(anonymous_4)
FNDA:5,(anonymous_5)
FNDA:260,(anonymous_6)
DA:1,2
DA:2,2
DA:3,2
DA:10,27
DA:13,27
DA:15,27
DA:19,27
DA:20,108
DA:21,1404
DA:22,1404
DA:24,1404
DA:35,476
DA:36,1
DA:38,475
DA:48,540
DA:55,5
DA:56,204
DA:57,204
DA:68,260
DA:72,2
LF:20
LH:20
BRDA:35,0,0,1
BRDA:35,0,1,475
BRF:2
BRH:2
end_of_record
TN:
SF:src\Player.ts
FN:12,(anonymous_2)
FN:25,(anonymous_3)
FN:34,(anonymous_4)
FN:35,(anonymous_5)
FN:43,(anonymous_6)
FN:67,(anonymous_7)
FN:76,(anonymous_8)
FN:92,(anonymous_9)
FN:156,(anonymous_10)
FN:160,(anonymous_11)
FN:182,(anonymous_12)
FN:191,(anonymous_13)
FN:213,(anonymous_14)
FN:49,_Player_setName
FN:55,_Player_isValidName
FN:60,_Player_sortHand
FN:89,(anonymous_18)
FN:90,_Player_removeFromHand
FN:108,(anonymous_20)
FN:121,_Player_isHandEmpty
FN:129,_Player_changeAvailability
FN:139,(anonymous_23)
FN:149,_Player_initzalizeTableCardsArray
FN:175,_Player_removeFromTable
FN:235,_Player_everyCardIsNull
FN:238,(anonymous_27)
FNF:26
FNH:26
FNDA:20,(anonymous_2)
FNDA:7,(anonymous_3)
FNDA:1,(anonymous_4)
FNDA:2,(anonymous_5)
FNDA:90,(anonymous_6)
FNDA:1,(anonymous_7)
FNDA:12,(anonymous_8)
FNDA:8,(anonymous_9)
FNDA:5,(anonymous_10)
FNDA:14,(anonymous_11)
FNDA:5,(anonymous_12)
FNDA:78,(anonymous_13)
FNDA:3,(anonymous_14)
FNDA:20,_Player_setName
FNDA:20,_Player_isValidName
FNDA:12,_Player_sortHand
FNDA:6,(anonymous_18)
FNDA:4,_Player_removeFromHand
FNDA:6,(anonymous_20)
FNDA:3,_Player_isHandEmpty
FNDA:11,_Player_changeAvailability
FNDA:13,(anonymous_23)
FNDA:14,_Player_initzalizeTableCardsArray
FNDA:4,_Player_removeFromTable
FNDA:8,_Player_everyCardIsNull
FNDA:13,(anonymous_27)
DA:6,20
DA:7,20
DA:8,20
DA:9,20
DA:13,20
DA:14,19
DA:15,19
DA:16,19
DA:17,19
DA:26,7
DA:35,2
DA:44,90
DA:45,2
DA:49,1
DA:50,20
DA:51,1
DA:54,19
DA:58,20
DA:59,20
DA:68,1
DA:77,12
DA:79,12
DA:81,12
DA:83,12
DA:84,8
DA:89,12
DA:93,8
DA:94,4
DA:96,4
DA:106,4
DA:108,4
DA:109,6
DA:110,6
DA:111,3
DA:113,6
DA:116,4
DA:117,1
DA:120,3
DA:124,3
DA:126,3
DA:127,2
DA:132,11
DA:135,11
DA:136,11
DA:139,13
DA:140,1
DA:144,11
DA:145,33
DA:146,33
DA:157,5
DA:161,14
DA:163,14
DA:167,14
DA:168,28
DA:171,28
DA:172,84
DA:183,5
DA:192,78
DA:193,78
DA:197,78
DA:198,117
DA:199,273
DA:200,78
DA:201,78
DA:202,78
DA:214,3
DA:224,4
DA:225,8
DA:226,24
DA:227,4
DA:228,3
DA:233,8
DA:238,13
DA:239,1
DA:244,1
LF:75
LH:75
BRDA:83,0,0,8
BRDA:93,1,0,4
BRDA:93,1,1,4
BRDA:199,2,0,78
BRDA:50,3,0,1
BRDA:59,4,0,20
BRDA:59,4,1,20
BRDA:109,5,0,6
BRDA:109,5,1,3
BRDA:110,6,0,3
BRDA:116,7,0,1
BRDA:126,8,0,2
BRDA:139,9,0,1
BRDA:145,10,0,33
BRDA:226,11,0,4
BRDA:227,12,0,3
BRDA:238,13,0,1
BRF:17
BRH:17
end_of_record
TN:
SF:src\PlayingCard.ts
FN:15,(anonymous_2)
FN:39,(anonymous_3)
FN:52,(anonymous_4)
FN:65,(anonymous_5)
FN:76,(anonymous_6)
FN:22,_PlayingCard_setRank
FN:24,_PlayingCard_setSuit
FN:28,_PlayingCard_setValue
FNF:8
FNH:8
FNDA:1615,(anonymous_2)
FNDA:145,(anonymous_3)
FNDA:81,(anonymous_4)
FNDA:81,(anonymous_5)
FNDA:1688,(anonymous_6)
FNDA:1615,_PlayingCard_setRank
FNDA:1615,_PlayingCard_setSuit
FNDA:1615,_PlayingCard_setValue
DA:3,3
DA:10,1615
DA:11,1615
DA:12,1615
DA:13,1615
DA:16,1615
DA:17,1615
DA:18,1615
DA:19,1615
DA:22,3
DA:23,1615
DA:27,1615
DA:31,1615
DA:40,145
DA:41,6
DA:44,139
DA:53,81
DA:54,5
DA:57,76
DA:66,81
DA:67,8
DA:70,73
DA:77,1688
DA:81,3
LF:24
LH:24
BRDA:40,0,0,6
BRDA:53,1,0,5
BRDA:66,2,0,8
BRF:3
BRH:3
end_of_record
TN:
SF:src\enums\playingcard\RANKS.ts
FN:1,(anonymous_0)
FNF:1
FNH:1
FNDA:3,(anonymous_0)
DA:1,3
DA:2,3
DA:3,3
DA:4,3
DA:5,3
DA:6,3
DA:7,3
DA:8,3
DA:9,3
DA:10,3
DA:11,3
DA:12,3
DA:13,3
DA:14,3
LF:14
LH:14
BRDA:1,0,0,3
BRDA:1,0,1,3
BRF:2
BRH:2
end_of_record
TN:
SF:src\enums\playingcard\SUITS.ts
FN:1,(anonymous_0)
FNF:1
FNH:1
FNDA:3,(anonymous_0)
DA:1,3
DA:2,3
DA:3,3
DA:4,3
DA:5,3
LF:5
LH:5
BRDA:1,0,0,3
BRDA:1,0,1,3
BRF:2
BRH:2
end_of_record
TN:
SF:src\enums\playingcard\VALUES.ts
FN:1,(anonymous_0)
FN:17,getValueByName
FNF:2
FNH:2
FNDA:3,(anonymous_0)
FNDA:1682,getValueByName
DA:1,3
DA:2,3
DA:3,3
DA:4,3
DA:5,3
DA:6,3
DA:7,3
DA:8,3
DA:9,3
DA:10,3
DA:11,3
DA:12,3
DA:13,3
DA:14,3
DA:17,3
DA:18,1682
LF:16
LH:16
BRDA:1,0,0,3
BRDA:1,0,1,3
BRF:2
BRH:2
end_of_record
